2020-09-28 08:23:46,538 - views.py - line:24 - user_login - INFO - <Request 'http://127.0.0.1:5001/user/login' [GET]>
2020-09-28 08:23:46,539 - views.py - line:25 - user_login - INFO - <Request 'http://127.0.0.1:5001/user/login' [GET]>
2020-09-28 08:23:46,539 - views.py - line:26 - user_login - INFO - <class 'werkzeug.local.LocalProxy'>
2020-09-28 08:23:46,540 - views.py - line:27 - user_login - INFO - ========================================================================================================================================================================================================
2020-09-28 08:23:47,278 - views.py - line:32 - user_login - INFO - C:\Users\Administrator\Desktop\Python\flask\token.ini
2020-09-28 08:23:47,279 - views.py - line:34 - user_login - INFO - gtredacdad432
2020-09-28 08:23:47,281 - views.py - line:39 - user_login - ERROR - XIgpTeQFojVUhuxxPyt3lZc9dbS+RoyFPiCWh3Svwdu67ZW54OiV+tOm0bb35xu7kCcrBCfKEffOCngaC6ExXWEKKVoKw8vQbzOVyfa0ldrXWk59iryJTkdOUkw3M/tcnpsY+yCCtBTggSCgy53dxAEMNH51ofw9NqI2Tz9XOWA=
2020-09-28 08:23:47,281 - views.py - line:40 - user_login - INFO - ========================================================================================================================================================================================================
2020-09-28 08:23:47,281 - views.py - line:51 - user_login - INFO - app2: eyJ0eXAiOiJKV1QiLCJhbGciOiJIUzI1NiJ9.eyJ1c2VybmFtZSI6ImFwcDIiLCJleHAiOjE2MDEzMzkwMjYuNTQwMTA5Nn0.nieglsrakpi7jZllFdtgKwYKGFNNjUmaAqIyHZ9kQBs

2020-09-28 08:25:23,584 - views.py - line:24 - user_login - INFO - <Request 'http://127.0.0.1:5001/user/login' [GET]>
2020-09-28 08:25:23,584 - views.py - line:25 - user_login - INFO - <Request 'http://127.0.0.1:5001/user/login' [GET]>
2020-09-28 08:25:23,584 - views.py - line:26 - user_login - INFO - <class 'werkzeug.local.LocalProxy'>
2020-09-28 08:25:23,584 - views.py - line:27 - user_login - INFO - ========================================================================================================================================================================================================
2020-09-28 08:25:23,841 - views.py - line:32 - user_login - INFO - C:\Users\Administrator\Desktop\Python\flask\token.ini
2020-09-28 08:25:23,842 - views.py - line:34 - user_login - INFO - gtredacdad432
2020-09-28 08:25:23,842 - views.py - line:39 - user_login - ERROR - uy3N1Y0KiA6Csbd03rOe+DromgR0i4Cg59BILEHb0M9Kvuqm9DhVs+Usn30R5PGqTY3XS9qE4b4d48QzPd//cXqhDPUga7Es8wnZ0fU+QYri8seLvXd4es6ILBNcErprn/BrGuEqe7LSy8Cjm+ZL13pu5Jvyku4rW3ZYfguaxbk=
2020-09-28 08:25:23,843 - views.py - line:40 - user_login - INFO - ========================================================================================================================================================================================================
2020-09-28 08:25:23,843 - views.py - line:51 - user_login - INFO - app2: eyJ0eXAiOiJKV1QiLCJhbGciOiJIUzI1NiJ9.eyJ1c2VybmFtZSI6ImFwcDIiLCJleHAiOjE2MDEzMzkxMjMuNTg1NTg2OH0.dh_xYyHcgBD_tH2Dt48v7TxHPYLgHNNToVetYIbbxV8

2020-09-28 08:32:03,577 - views.py - line:24 - user_login - INFO - <Request 'http://127.0.0.1:5001/user/login' [GET]>
2020-09-28 08:32:03,578 - views.py - line:25 - user_login - INFO - <Request 'http://127.0.0.1:5001/user/login' [GET]>
2020-09-28 08:32:03,578 - views.py - line:26 - user_login - INFO - <class 'werkzeug.local.LocalProxy'>
2020-09-28 08:32:03,578 - views.py - line:27 - user_login - INFO - ========================================================================================================================================================================================================
2020-09-28 08:32:03,636 - views.py - line:32 - user_login - INFO - C:\Users\Administrator\Desktop\Python\flask\token.ini
2020-09-28 08:32:03,636 - views.py - line:34 - user_login - INFO - gtredacdad432
2020-09-28 08:32:03,638 - views.py - line:39 - user_login - ERROR - DJ5wGrVVV3oYA7nsjjK8kSLqFAGJy+SBpNbrkKh0ay+0NGXNXobcWsyZOlvporkF8+izBbE05RTUEwkDh6VZ85Rgw9VJAUWPk4aUZbUENfXkdDdp8ctr0tZC4g0IJEnrdmiYLoI5v9oLiU72uOchvJf4uLZ38RN9jeOmRzoa1a0=
2020-09-28 08:32:03,638 - views.py - line:40 - user_login - INFO - ========================================================================================================================================================================================================
2020-09-28 08:32:03,638 - views.py - line:51 - user_login - INFO - app2: eyJ0eXAiOiJKV1QiLCJhbGciOiJIUzI1NiJ9.eyJ1c2VybmFtZSI6ImFwcDIiLCJleHAiOjE2MDEzMzk1MjMuNTc4NzQ2Nn0.5nFc7wvNCYgCREamomU2xmemi5-haiBZX14cUlTXxm0

2020-09-28 08:32:03,638 - views.py - line:54 - user_login - INFO - {'name': 'less', 'age': 34, 'sex': 'w', 'uuid': UUID('314ae5d0-13a5-47b6-a764-aa4f4dbc95c6'), 'token': 'eyJ0eXAiOiJKV1QiLCJhbGciOiJIUzI1NiJ9.eyJ1c2VybmFtZSI6ImFwcDIiLCJleHAiOjE2MDEzMzk1MjMuNTc4NzQ2Nn0.5nFc7wvNCYgCREamomU2xmemi5-haiBZX14cUlTXxm0', 'secrete': 'DJ5wGrVVV3oYA7nsjjK8kSLqFAGJy+SBpNbrkKh0ay+0NGXNXobcWsyZOlvporkF8+izBbE05RTUEwkDh6VZ85Rgw9VJAUWPk4aUZbUENfXkdDdp8ctr0tZC4g0IJEnrdmiYLoI5v9oLiU72uOchvJf4uLZ38RN9jeOmRzoa1a0='}
2020-09-29 21:43:26,107 - views.py - line:24 - user_login - INFO - <Request 'http://127.0.0.1:5001/user/login' [GET]>
2020-09-29 21:43:26,109 - views.py - line:25 - user_login - INFO - <Request 'http://127.0.0.1:5001/user/login' [GET]>
2020-09-29 21:43:26,110 - views.py - line:26 - user_login - INFO - <class 'werkzeug.local.LocalProxy'>
2020-09-29 21:43:26,110 - views.py - line:27 - user_login - INFO - ========================================================================================================================================================================================================
2020-09-29 21:43:26,571 - views.py - line:32 - user_login - INFO - C:\Users\Administrator\Desktop\Python\flask\token.ini
2020-09-29 21:43:26,571 - views.py - line:34 - user_login - INFO - gtredacdad432
2020-09-29 21:43:26,574 - views.py - line:39 - user_login - ERROR - HwEjzY+mdBOEMPMjAGCL7X/kZMhreCzD3JP2UFo6MVcQ2LxcJ8QD2MS8hfVOOMownYiWY9jGhnaqaFf9Kw0OvBrr3tJVSIZM2UgJNciq1Kk1moTCyaUpJfuWS1PvStiL/v+WC0Djk4KI1XSg0q5uG6kXJw5NP2WednEpqUp9h7A=
2020-09-29 21:43:26,574 - views.py - line:40 - user_login - INFO - ========================================================================================================================================================================================================
2020-09-29 21:43:26,574 - views.py - line:51 - user_login - INFO - app2: eyJ0eXAiOiJKV1QiLCJhbGciOiJIUzI1NiJ9.eyJ1c2VybmFtZSI6ImFwcDIiLCJleHAiOjE2MDE0NzM0MDYuMTEwNDc5Nn0.bbM_Rfss2BDQ5bWG9KZTBaEUG4oYWBZwC4iXHSU7noI

2020-09-29 21:43:26,574 - views.py - line:54 - user_login - INFO - {'name': 'less', 'age': 34, 'sex': 'w', 'uuid': UUID('09951cae-b624-4e44-83b2-b037a23fdaea'), 'token': 'eyJ0eXAiOiJKV1QiLCJhbGciOiJIUzI1NiJ9.eyJ1c2VybmFtZSI6ImFwcDIiLCJleHAiOjE2MDE0NzM0MDYuMTEwNDc5Nn0.bbM_Rfss2BDQ5bWG9KZTBaEUG4oYWBZwC4iXHSU7noI', 'secrete': 'HwEjzY+mdBOEMPMjAGCL7X/kZMhreCzD3JP2UFo6MVcQ2LxcJ8QD2MS8hfVOOMownYiWY9jGhnaqaFf9Kw0OvBrr3tJVSIZM2UgJNciq1Kk1moTCyaUpJfuWS1PvStiL/v+WC0Djk4KI1XSg0q5uG6kXJw5NP2WednEpqUp9h7A='}
2020-09-29 21:43:48,353 - views.py - line:24 - user_login - INFO - <Request 'http://127.0.0.1:5001/user/login' [GET]>
2020-09-29 21:43:48,354 - views.py - line:25 - user_login - INFO - <Request 'http://127.0.0.1:5001/user/login' [GET]>
2020-09-29 21:43:48,354 - views.py - line:26 - user_login - INFO - <class 'werkzeug.local.LocalProxy'>
2020-09-29 21:43:48,354 - views.py - line:27 - user_login - INFO - ========================================================================================================================================================================================================
2020-09-29 21:43:48,484 - views.py - line:32 - user_login - INFO - C:\Users\Administrator\Desktop\Python\flask\token.ini
2020-09-29 21:43:48,484 - views.py - line:34 - user_login - INFO - gtredacdad432
2020-09-29 21:43:48,485 - views.py - line:39 - user_login - ERROR - MZ83kczBF2EAK3tZIDLvKzIxTPHp63Eh5wz+qiEHSP9A8ue8TqpTNq1LE31ZsVgQanMr0fhxrYM4MJMxnqkgabXu+CqaClhPnwu2Mro97DKVFDvdJY/UHGz99pqZDg3YheKSFGy0vgTztoWAnNzzyXVh6Oe+cAt+pC8HwwgcjUQ=
2020-09-29 21:43:48,485 - views.py - line:40 - user_login - INFO - ========================================================================================================================================================================================================
2020-09-29 21:43:48,485 - views.py - line:51 - user_login - INFO - app2: eyJ0eXAiOiJKV1QiLCJhbGciOiJIUzI1NiJ9.eyJ1c2VybmFtZSI6ImFwcDIiLCJleHAiOjE2MDE0NzM0MjguMzU0NDYxN30.pZ1YfiK7VntNnvlQacBVnkSbOm84CE4ko2_wahBRXDk

2020-09-29 21:43:48,486 - views.py - line:54 - user_login - INFO - {'name': 'less', 'age': 34, 'sex': 'w', 'uuid': UUID('b23e8a7b-0e59-4260-ba7c-c44ba610d9fa'), 'token': 'eyJ0eXAiOiJKV1QiLCJhbGciOiJIUzI1NiJ9.eyJ1c2VybmFtZSI6ImFwcDIiLCJleHAiOjE2MDE0NzM0MjguMzU0NDYxN30.pZ1YfiK7VntNnvlQacBVnkSbOm84CE4ko2_wahBRXDk', 'secrete': 'MZ83kczBF2EAK3tZIDLvKzIxTPHp63Eh5wz+qiEHSP9A8ue8TqpTNq1LE31ZsVgQanMr0fhxrYM4MJMxnqkgabXu+CqaClhPnwu2Mro97DKVFDvdJY/UHGz99pqZDg3YheKSFGy0vgTztoWAnNzzyXVh6Oe+cAt+pC8HwwgcjUQ='}
2020-09-29 21:44:48,723 - views.py - line:24 - user_login - INFO - <Request 'http://127.0.0.1:5001/user/login' [GET]>
2020-09-29 21:44:48,723 - views.py - line:25 - user_login - INFO - <Request 'http://127.0.0.1:5001/user/login' [GET]>
2020-09-29 21:44:48,724 - views.py - line:26 - user_login - INFO - <class 'werkzeug.local.LocalProxy'>
2020-09-29 21:44:48,724 - views.py - line:27 - user_login - INFO - ========================================================================================================================================================================================================
2020-09-29 21:44:48,782 - views.py - line:32 - user_login - INFO - C:\Users\Administrator\Desktop\Python\flask\token.ini
2020-09-29 21:44:48,782 - views.py - line:34 - user_login - INFO - gtredacdad432
2020-09-29 21:44:48,783 - views.py - line:39 - user_login - ERROR - 34d/TIfldpAw/WAGJIFTe3rgOf2bZeHlBuDxxG/iqtdNZ3agDbS67j80HlyoakNKhtUc0/591YnseKjE8Ee9UdjX6qfkyoRTbua+YB5bI88def6I05j8tkY/kL7YVU7cmpqlacf/ws86HCxhXOwwEjUiq9RygYKqePEjO6xrA6o=
2020-09-29 21:44:48,783 - views.py - line:40 - user_login - INFO - ========================================================================================================================================================================================================
2020-09-29 21:44:48,784 - views.py - line:51 - user_login - INFO - app2: eyJ0eXAiOiJKV1QiLCJhbGciOiJIUzI1NiJ9.eyJ1c2VybmFtZSI6ImFwcDIiLCJleHAiOjE2MDE0NzM0ODguNzI0NzU3NH0.g5nEWtuALgwJPmrZZGFH7aeVtNgU8ry1zQK3w61tvSE

2020-09-29 21:44:48,784 - views.py - line:54 - user_login - INFO - {'name': 'less', 'age': 34, 'sex': 'w', 'uuid': UUID('24f475f9-041b-4f3d-926c-2b76ed2312b2'), 'token': 'eyJ0eXAiOiJKV1QiLCJhbGciOiJIUzI1NiJ9.eyJ1c2VybmFtZSI6ImFwcDIiLCJleHAiOjE2MDE0NzM0ODguNzI0NzU3NH0.g5nEWtuALgwJPmrZZGFH7aeVtNgU8ry1zQK3w61tvSE', 'secrete': '34d/TIfldpAw/WAGJIFTe3rgOf2bZeHlBuDxxG/iqtdNZ3agDbS67j80HlyoakNKhtUc0/591YnseKjE8Ee9UdjX6qfkyoRTbua+YB5bI88def6I05j8tkY/kL7YVU7cmpqlacf/ws86HCxhXOwwEjUiq9RygYKqePEjO6xrA6o='}
2020-09-29 21:45:10,007 - views.py - line:24 - user_login - INFO - <Request 'http://127.0.0.1:5001/user/login' [GET]>
2020-09-29 21:45:10,007 - views.py - line:25 - user_login - INFO - <Request 'http://127.0.0.1:5001/user/login' [GET]>
2020-09-29 21:45:10,007 - views.py - line:26 - user_login - INFO - <class 'werkzeug.local.LocalProxy'>
2020-09-29 21:45:10,008 - views.py - line:27 - user_login - INFO - ========================================================================================================================================================================================================
2020-09-29 21:45:10,222 - views.py - line:32 - user_login - INFO - C:\Users\Administrator\Desktop\Python\flask\token.ini
2020-09-29 21:45:10,223 - views.py - line:34 - user_login - INFO - gtredacdad432
2020-09-29 21:45:10,223 - views.py - line:39 - user_login - ERROR - H9N+gHIS92/Sx2rf4CBtxsspsqn0aqqsv/quUR/o+16eSgmTdebYyYTmGHATurA37tYKdzSXuIbkTUH9T1Caa2G+R39Rs5zFEntUkgmrZVohhXetx4Muc8SGdNVujkkAd7BmAb+ei/MOh/d5gVTAGtFNNmR11H5/D8Do9+Tdsn8=
2020-09-29 21:45:10,224 - views.py - line:40 - user_login - INFO - ========================================================================================================================================================================================================
2020-09-29 21:45:10,224 - views.py - line:51 - user_login - INFO - app2: eyJ0eXAiOiJKV1QiLCJhbGciOiJIUzI1NiJ9.eyJ1c2VybmFtZSI6ImFwcDIiLCJleHAiOjE2MDE0NzM1MTAuMDA4NDU5M30.96VgJULT2dSzRc2tJOR_IIL-JU6ua4V4ReD4EIJdC3w

2020-09-29 21:45:10,224 - views.py - line:54 - user_login - INFO - {'name': 'less', 'age': 34, 'sex': 'w', 'uuid': UUID('f6ad1a54-83e9-413c-930e-3efe0e11eaca'), 'token': 'eyJ0eXAiOiJKV1QiLCJhbGciOiJIUzI1NiJ9.eyJ1c2VybmFtZSI6ImFwcDIiLCJleHAiOjE2MDE0NzM1MTAuMDA4NDU5M30.96VgJULT2dSzRc2tJOR_IIL-JU6ua4V4ReD4EIJdC3w', 'secrete': 'H9N+gHIS92/Sx2rf4CBtxsspsqn0aqqsv/quUR/o+16eSgmTdebYyYTmGHATurA37tYKdzSXuIbkTUH9T1Caa2G+R39Rs5zFEntUkgmrZVohhXetx4Muc8SGdNVujkkAd7BmAb+ei/MOh/d5gVTAGtFNNmR11H5/D8Do9+Tdsn8='}
2020-09-29 21:45:39,349 - views.py - line:24 - user_login - INFO - <Request 'http://127.0.0.1:5001/user/login' [GET]>
2020-09-29 21:45:39,350 - views.py - line:25 - user_login - INFO - <Request 'http://127.0.0.1:5001/user/login' [GET]>
2020-09-29 21:45:39,350 - views.py - line:26 - user_login - INFO - <class 'werkzeug.local.LocalProxy'>
2020-09-29 21:45:39,350 - views.py - line:27 - user_login - INFO - ========================================================================================================================================================================================================
2020-09-29 21:45:39,588 - views.py - line:32 - user_login - INFO - C:\Users\Administrator\Desktop\Python\flask\token.ini
2020-09-29 21:45:39,588 - views.py - line:34 - user_login - INFO - gtredacdad432
2020-09-29 21:45:39,589 - views.py - line:39 - user_login - ERROR - RriDqmz1noH6UQmWyP9M5SMYzBZFNnta54gVSvp4AzoKtCMEWQeWz0BZP9VgF7mls6n7acml86iYKCWmcgorg4wTJYv3t1PSDaYo0w9BU+qD/WLPJerTasPWuGsV1oq6BSijdHDS3HJYxFUlsqQXYRGPMb0Hw9y0bTLj/jGGTqk=
2020-09-29 21:45:39,589 - views.py - line:40 - user_login - INFO - ========================================================================================================================================================================================================
2020-09-29 21:45:39,589 - views.py - line:51 - user_login - INFO - app2: eyJ0eXAiOiJKV1QiLCJhbGciOiJIUzI1NiJ9.eyJ1c2VybmFtZSI6ImFwcDIiLCJleHAiOjE2MDE0NzM1MzkuMzUwNzY5fQ.vVx0B16rD8m074rceAjNtQ62VtHLNDHSfo1K9LQI2sc

2020-09-29 21:45:39,589 - views.py - line:54 - user_login - INFO - {'name': 'less', 'age': 34, 'sex': 'w', 'uuid': UUID('f357098e-5092-42f8-9b32-3b8bbcfe6de0'), 'token': 'eyJ0eXAiOiJKV1QiLCJhbGciOiJIUzI1NiJ9.eyJ1c2VybmFtZSI6ImFwcDIiLCJleHAiOjE2MDE0NzM1MzkuMzUwNzY5fQ.vVx0B16rD8m074rceAjNtQ62VtHLNDHSfo1K9LQI2sc', 'secrete': 'RriDqmz1noH6UQmWyP9M5SMYzBZFNnta54gVSvp4AzoKtCMEWQeWz0BZP9VgF7mls6n7acml86iYKCWmcgorg4wTJYv3t1PSDaYo0w9BU+qD/WLPJerTasPWuGsV1oq6BSijdHDS3HJYxFUlsqQXYRGPMb0Hw9y0bTLj/jGGTqk='}
2020-09-29 21:45:50,455 - views.py - line:24 - user_login - INFO - <Request 'http://127.0.0.1:5001/user/login' [GET]>
2020-09-29 21:45:50,456 - views.py - line:25 - user_login - INFO - <Request 'http://127.0.0.1:5001/user/login' [GET]>
2020-09-29 21:45:50,456 - views.py - line:26 - user_login - INFO - <class 'werkzeug.local.LocalProxy'>
2020-09-29 21:45:50,456 - views.py - line:27 - user_login - INFO - ========================================================================================================================================================================================================
2020-09-29 21:45:50,786 - views.py - line:32 - user_login - INFO - C:\Users\Administrator\Desktop\Python\flask\token.ini
2020-09-29 21:45:50,786 - views.py - line:34 - user_login - INFO - gtredacdad432
2020-09-29 21:45:50,788 - views.py - line:39 - user_login - ERROR - Sbd4Rr4+K4pOVWCdlr6/5WUdI2McRWUZ8tpQ6s6+REjbX7CSlE6wk7UDlhNGfjplltecx+7jSIgaZPUcdckXxeIMtJnbyAoRrQEN4gHEDgeVo2DSmsMGjOJmzE7d2grq+/P/A5YlffVF55OZKc7zdaQtG4T8RaczGS1LmfAXvHM=
2020-09-29 21:45:50,788 - views.py - line:40 - user_login - INFO - ========================================================================================================================================================================================================
2020-09-29 21:45:50,788 - views.py - line:51 - user_login - INFO - app2: eyJ0eXAiOiJKV1QiLCJhbGciOiJIUzI1NiJ9.eyJ1c2VybmFtZSI6ImFwcDIiLCJleHAiOjE2MDE0NzM1NTAuNDU2NzA3NX0.ssvtuguAyvFnrqk-8brYW6Nj-jGByi9dmyW_o8tQCis

2020-09-29 21:45:50,788 - views.py - line:54 - user_login - INFO - {'name': 'less', 'age': 34, 'sex': 'w', 'uuid': UUID('757cdcf7-8c20-404e-8702-54463df5f98f'), 'token': 'eyJ0eXAiOiJKV1QiLCJhbGciOiJIUzI1NiJ9.eyJ1c2VybmFtZSI6ImFwcDIiLCJleHAiOjE2MDE0NzM1NTAuNDU2NzA3NX0.ssvtuguAyvFnrqk-8brYW6Nj-jGByi9dmyW_o8tQCis', 'secrete': 'Sbd4Rr4+K4pOVWCdlr6/5WUdI2McRWUZ8tpQ6s6+REjbX7CSlE6wk7UDlhNGfjplltecx+7jSIgaZPUcdckXxeIMtJnbyAoRrQEN4gHEDgeVo2DSmsMGjOJmzE7d2grq+/P/A5YlffVF55OZKc7zdaQtG4T8RaczGS1LmfAXvHM='}
2020-09-29 21:47:03,164 - views.py - line:24 - user_login - INFO - <Request 'http://127.0.0.1:5001/user/login' [GET]>
2020-09-29 21:47:03,165 - views.py - line:25 - user_login - INFO - <Request 'http://127.0.0.1:5001/user/login' [GET]>
2020-09-29 21:47:03,165 - views.py - line:26 - user_login - INFO - <class 'werkzeug.local.LocalProxy'>
2020-09-29 21:47:03,165 - views.py - line:27 - user_login - INFO - ========================================================================================================================================================================================================
2020-09-29 21:47:03,318 - views.py - line:32 - user_login - INFO - C:\Users\Administrator\Desktop\Python\flask\token.ini
2020-09-29 21:47:03,319 - views.py - line:34 - user_login - INFO - gtredacdad432
2020-09-29 21:47:03,320 - views.py - line:39 - user_login - ERROR - pkZFBq8hUkEQ8DpRQu0dWnDcHS+fkHUUo79PfxW2QGMscngO/NkSBzv5OMnJICm/3yR6DHNY2Yll7cfadZ0pFLUdFSY+SymNYJx2Wc6SM15FeOViNIj2gt5WQSg/ztC7egPl+yqW4rYP9NLL1ck2bw8s7RhXtizMZLRGfDz2nQI=
2020-09-29 21:47:03,320 - views.py - line:40 - user_login - INFO - ========================================================================================================================================================================================================
2020-09-29 21:47:03,320 - views.py - line:51 - user_login - INFO - app2: eyJ0eXAiOiJKV1QiLCJhbGciOiJIUzI1NiJ9.eyJ1c2VybmFtZSI6ImFwcDIiLCJleHAiOjE2MDE0NzM2MjMuMTY1MDY5M30.4IGFGNUNqJ-PQZrqEkRy7xhDJhN53aQurBTrDBx1UAs

2020-09-29 21:47:03,320 - views.py - line:54 - user_login - INFO - {'name': 'less', 'age': 34, 'sex': 'w', 'uuid': UUID('78559c7f-b41f-4502-9fff-79951c75bb16'), 'token': 'eyJ0eXAiOiJKV1QiLCJhbGciOiJIUzI1NiJ9.eyJ1c2VybmFtZSI6ImFwcDIiLCJleHAiOjE2MDE0NzM2MjMuMTY1MDY5M30.4IGFGNUNqJ-PQZrqEkRy7xhDJhN53aQurBTrDBx1UAs', 'secrete': 'pkZFBq8hUkEQ8DpRQu0dWnDcHS+fkHUUo79PfxW2QGMscngO/NkSBzv5OMnJICm/3yR6DHNY2Yll7cfadZ0pFLUdFSY+SymNYJx2Wc6SM15FeOViNIj2gt5WQSg/ztC7egPl+yqW4rYP9NLL1ck2bw8s7RhXtizMZLRGfDz2nQI='}
2020-09-29 21:47:40,533 - views.py - line:24 - user_login - INFO - <Request 'http://127.0.0.1:5001/user/login' [GET]>
2020-09-29 21:47:40,534 - views.py - line:25 - user_login - INFO - <Request 'http://127.0.0.1:5001/user/login' [GET]>
2020-09-29 21:47:40,534 - views.py - line:26 - user_login - INFO - <class 'werkzeug.local.LocalProxy'>
2020-09-29 21:47:40,534 - views.py - line:27 - user_login - INFO - ========================================================================================================================================================================================================
2020-09-29 21:47:40,611 - views.py - line:32 - user_login - INFO - C:\Users\Administrator\Desktop\Python\flask\token.ini
2020-09-29 21:47:40,611 - views.py - line:34 - user_login - INFO - gtredacdad432
2020-09-29 21:47:40,612 - views.py - line:39 - user_login - ERROR - YAimolsp9zCQfr57/Os4P5cbnH7jIzHlU2SDmjbbaGHE1+JSVjxKdwAVAI6lF+/Mhy8+rax2tbMOHrNTw1ndf+/x6A85jUYEoRliY/iMREuxib+XJ7FI6iBgjS6V1pZdcIcMZw714zgBBAbV3Q8xm5g7JtTeFgsWMDbvi9Hu3Rk=
2020-09-29 21:47:40,612 - views.py - line:40 - user_login - INFO - ========================================================================================================================================================================================================
2020-09-29 21:47:40,612 - views.py - line:51 - user_login - INFO - app2: eyJ0eXAiOiJKV1QiLCJhbGciOiJIUzI1NiJ9.eyJ1c2VybmFtZSI6ImFwcDIiLCJleHAiOjE2MDE0NzM2NjAuNTM0MDE2Nn0.PTcwueZodrmaQIHwk3WghFb1xZWQasRJeMCjC78n9xA

2020-09-29 21:47:40,612 - views.py - line:54 - user_login - INFO - {'name': 'less', 'age': 34, 'sex': 'w', 'uuid': UUID('d55076ce-0cf9-4a2a-a0a8-815a9f644758'), 'token': 'eyJ0eXAiOiJKV1QiLCJhbGciOiJIUzI1NiJ9.eyJ1c2VybmFtZSI6ImFwcDIiLCJleHAiOjE2MDE0NzM2NjAuNTM0MDE2Nn0.PTcwueZodrmaQIHwk3WghFb1xZWQasRJeMCjC78n9xA', 'secrete': 'YAimolsp9zCQfr57/Os4P5cbnH7jIzHlU2SDmjbbaGHE1+JSVjxKdwAVAI6lF+/Mhy8+rax2tbMOHrNTw1ndf+/x6A85jUYEoRliY/iMREuxib+XJ7FI6iBgjS6V1pZdcIcMZw714zgBBAbV3Q8xm5g7JtTeFgsWMDbvi9Hu3Rk='}
2020-09-29 21:47:47,076 - views.py - line:24 - user_login - INFO - <Request 'http://127.0.0.1:5001/user/login' [GET]>
2020-09-29 21:47:47,076 - views.py - line:25 - user_login - INFO - <Request 'http://127.0.0.1:5001/user/login' [GET]>
2020-09-29 21:47:47,076 - views.py - line:26 - user_login - INFO - <class 'werkzeug.local.LocalProxy'>
2020-09-29 21:47:47,076 - views.py - line:27 - user_login - INFO - ========================================================================================================================================================================================================
2020-09-29 21:47:47,186 - views.py - line:32 - user_login - INFO - C:\Users\Administrator\Desktop\Python\flask\token.ini
2020-09-29 21:47:47,187 - views.py - line:34 - user_login - INFO - gtredacdad432
2020-09-29 21:47:47,187 - views.py - line:39 - user_login - ERROR - fa+5NqVLy5h7EvCSqYQ5ark7NxVICVxPjJITPhOnevoV5rqLQ/iE3SHiR93fCyjZDdAQIQoKTFr36iZfoVQHyJiGpVge6MAIzV1aQiH1/hg9gI1u4HYA+DOYQ1d1LJh0QnYGP2r+aayae8SkzZxyYPchf2jL/7+iuE1Gd/yCeJM=
2020-09-29 21:47:47,187 - views.py - line:40 - user_login - INFO - ========================================================================================================================================================================================================
2020-09-29 21:47:47,188 - views.py - line:51 - user_login - INFO - app2: eyJ0eXAiOiJKV1QiLCJhbGciOiJIUzI1NiJ9.eyJ1c2VybmFtZSI6ImFwcDIiLCJleHAiOjE2MDE0NzM2NjcuMDc2NTI0N30.ols_MxQKm2xGbmdVxXHdBvZRqUNY5NSenkOgYZcuQOg

2020-09-29 21:47:47,188 - views.py - line:54 - user_login - INFO - {'name': 'less', 'age': 34, 'sex': 'w', 'uuid': UUID('c762d0f8-2607-4add-abc3-bdfcfc4028e6'), 'token': 'eyJ0eXAiOiJKV1QiLCJhbGciOiJIUzI1NiJ9.eyJ1c2VybmFtZSI6ImFwcDIiLCJleHAiOjE2MDE0NzM2NjcuMDc2NTI0N30.ols_MxQKm2xGbmdVxXHdBvZRqUNY5NSenkOgYZcuQOg', 'secrete': 'fa+5NqVLy5h7EvCSqYQ5ark7NxVICVxPjJITPhOnevoV5rqLQ/iE3SHiR93fCyjZDdAQIQoKTFr36iZfoVQHyJiGpVge6MAIzV1aQiH1/hg9gI1u4HYA+DOYQ1d1LJh0QnYGP2r+aayae8SkzZxyYPchf2jL/7+iuE1Gd/yCeJM='}
2020-09-29 21:47:51,857 - views.py - line:24 - user_login - INFO - <Request 'http://127.0.0.1:5001/user/login' [GET]>
2020-09-29 21:47:51,857 - views.py - line:25 - user_login - INFO - <Request 'http://127.0.0.1:5001/user/login' [GET]>
2020-09-29 21:47:51,858 - views.py - line:26 - user_login - INFO - <class 'werkzeug.local.LocalProxy'>
2020-09-29 21:47:51,858 - views.py - line:27 - user_login - INFO - ========================================================================================================================================================================================================
2020-09-29 21:47:51,993 - views.py - line:32 - user_login - INFO - C:\Users\Administrator\Desktop\Python\flask\token.ini
2020-09-29 21:47:51,993 - views.py - line:34 - user_login - INFO - gtredacdad432
2020-09-29 21:47:51,994 - views.py - line:39 - user_login - ERROR - iz3I0qRVcV89W8HQvDNBFhVKHpU6UkaE68rx5ritl/1MDt/wS0YX/ggtfVO5M+8EMY4SrCfHuoz9aLs5+BDW5aVUypww+38EVeBGrzfsztniKgBDGphM5LIOOsvabgCMx65aK5Ysnz9TEK9l+6JQTEjHOxCpsh+mlnebkshZt8k=
2020-09-29 21:47:51,995 - views.py - line:40 - user_login - INFO - ========================================================================================================================================================================================================
2020-09-29 21:47:51,995 - views.py - line:51 - user_login - INFO - app2: eyJ0eXAiOiJKV1QiLCJhbGciOiJIUzI1NiJ9.eyJ1c2VybmFtZSI6ImFwcDIiLCJleHAiOjE2MDE0NzM2NzEuODU4NzU1NH0.ubkIfikGnNzm2Ji17YphFzZWGyiw3QD6B64ehppnbho

2020-09-29 21:47:51,995 - views.py - line:54 - user_login - INFO - {'name': 'less', 'age': 34, 'sex': 'w', 'uuid': UUID('02be942b-b543-4bb3-a403-966d2ddfc56f'), 'token': 'eyJ0eXAiOiJKV1QiLCJhbGciOiJIUzI1NiJ9.eyJ1c2VybmFtZSI6ImFwcDIiLCJleHAiOjE2MDE0NzM2NzEuODU4NzU1NH0.ubkIfikGnNzm2Ji17YphFzZWGyiw3QD6B64ehppnbho', 'secrete': 'iz3I0qRVcV89W8HQvDNBFhVKHpU6UkaE68rx5ritl/1MDt/wS0YX/ggtfVO5M+8EMY4SrCfHuoz9aLs5+BDW5aVUypww+38EVeBGrzfsztniKgBDGphM5LIOOsvabgCMx65aK5Ysnz9TEK9l+6JQTEjHOxCpsh+mlnebkshZt8k='}
2020-09-29 21:48:46,689 - views.py - line:24 - user_login - INFO - <Request 'http://127.0.0.1:5001/user/login' [GET]>
2020-09-29 21:48:46,689 - views.py - line:25 - user_login - INFO - <Request 'http://127.0.0.1:5001/user/login' [GET]>
2020-09-29 21:48:46,689 - views.py - line:26 - user_login - INFO - <class 'werkzeug.local.LocalProxy'>
2020-09-29 21:48:46,689 - views.py - line:27 - user_login - INFO - ========================================================================================================================================================================================================
2020-09-29 21:48:47,089 - views.py - line:32 - user_login - INFO - C:\Users\Administrator\Desktop\Python\flask\token.ini
2020-09-29 21:48:47,089 - views.py - line:34 - user_login - INFO - gtredacdad432
2020-09-29 21:48:47,090 - views.py - line:39 - user_login - ERROR - i9oj2wLZS+k3P2BxSrm7+Srf9UgMyLd0FqFlhll+JwMiHwpGabwgQ/oZJOx3zYeFCkVpEinsAbO5dJ3tNjXrF/BDtT4bXOGg0PB5dmmaZPoHO966UkWE9DEYxnVlfdTCW4p8WdOcOaBo4xi1nVjt56MRaDzVtff0nk63Ai5FOsk=
2020-09-29 21:48:47,090 - views.py - line:40 - user_login - INFO - ========================================================================================================================================================================================================
2020-09-29 21:48:47,091 - views.py - line:51 - user_login - INFO - app2: eyJ0eXAiOiJKV1QiLCJhbGciOiJIUzI1NiJ9.eyJ1c2VybmFtZSI6ImFwcDIiLCJleHAiOjE2MDE0NzM3MjYuNjg5NDgyN30.KP-WY6vNZ0NF6qjf3YwStYnetijlRVKq_h8NgcGoNuI

2020-09-29 21:48:47,091 - views.py - line:54 - user_login - INFO - {'name': 'less', 'age': 34, 'sex': 'w', 'uuid': UUID('acc19ef4-3a1e-498c-9b28-1fb5800264d4'), 'token': 'eyJ0eXAiOiJKV1QiLCJhbGciOiJIUzI1NiJ9.eyJ1c2VybmFtZSI6ImFwcDIiLCJleHAiOjE2MDE0NzM3MjYuNjg5NDgyN30.KP-WY6vNZ0NF6qjf3YwStYnetijlRVKq_h8NgcGoNuI', 'secrete': 'i9oj2wLZS+k3P2BxSrm7+Srf9UgMyLd0FqFlhll+JwMiHwpGabwgQ/oZJOx3zYeFCkVpEinsAbO5dJ3tNjXrF/BDtT4bXOGg0PB5dmmaZPoHO966UkWE9DEYxnVlfdTCW4p8WdOcOaBo4xi1nVjt56MRaDzVtff0nk63Ai5FOsk='}
2020-09-29 21:49:06,738 - views.py - line:24 - user_login - INFO - <Request 'http://127.0.0.1:5001/user/login' [GET]>
2020-09-29 21:49:06,739 - views.py - line:25 - user_login - INFO - <Request 'http://127.0.0.1:5001/user/login' [GET]>
2020-09-29 21:49:06,739 - views.py - line:26 - user_login - INFO - <class 'werkzeug.local.LocalProxy'>
2020-09-29 21:49:06,739 - views.py - line:27 - user_login - INFO - ========================================================================================================================================================================================================
2020-09-29 21:49:06,855 - views.py - line:32 - user_login - INFO - C:\Users\Administrator\Desktop\Python\flask\token.ini
2020-09-29 21:49:06,855 - views.py - line:34 - user_login - INFO - gtredacdad432
2020-09-29 21:49:06,855 - views.py - line:39 - user_login - ERROR - f81DyP2ZT2ndzQM7zaB12c1f/YJMry5zxtYssI8z33U3yTECf5tEw+ZgwURzBaud+6LH027TIRcFoiQ5O0f48zMFPRtsfQBn6bC3a4pyYW9j22JR4NIpQ6ARSxF//WyOx/6mCVQo4DnPvNN3amOk/jvUtVzlp1fupsaoO9b2r6U=
2020-09-29 21:49:06,855 - views.py - line:40 - user_login - INFO - ========================================================================================================================================================================================================
2020-09-29 21:49:06,857 - views.py - line:51 - user_login - INFO - app2: eyJ0eXAiOiJKV1QiLCJhbGciOiJIUzI1NiJ9.eyJ1c2VybmFtZSI6ImFwcDIiLCJleHAiOjE2MDE0NzM3NDYuNzM5Nzk0M30.brxQyqGFvN-iTiCxIamv31_WHHRb3FflVmTKLcWxuXs

2020-09-29 21:49:06,857 - views.py - line:54 - user_login - INFO - {'name': 'less', 'age': 34, 'sex': 'w', 'uuid': UUID('566e8ddc-b9cd-46dc-bd44-d5543796c07d'), 'token': 'eyJ0eXAiOiJKV1QiLCJhbGciOiJIUzI1NiJ9.eyJ1c2VybmFtZSI6ImFwcDIiLCJleHAiOjE2MDE0NzM3NDYuNzM5Nzk0M30.brxQyqGFvN-iTiCxIamv31_WHHRb3FflVmTKLcWxuXs', 'secrete': 'f81DyP2ZT2ndzQM7zaB12c1f/YJMry5zxtYssI8z33U3yTECf5tEw+ZgwURzBaud+6LH027TIRcFoiQ5O0f48zMFPRtsfQBn6bC3a4pyYW9j22JR4NIpQ6ARSxF//WyOx/6mCVQo4DnPvNN3amOk/jvUtVzlp1fupsaoO9b2r6U='}
2020-09-29 21:49:29,830 - views.py - line:24 - user_login - INFO - <Request 'http://127.0.0.1:5001/user/login' [GET]>
2020-09-29 21:49:29,830 - views.py - line:25 - user_login - INFO - <Request 'http://127.0.0.1:5001/user/login' [GET]>
2020-09-29 21:49:29,830 - views.py - line:26 - user_login - INFO - <class 'werkzeug.local.LocalProxy'>
2020-09-29 21:49:29,830 - views.py - line:27 - user_login - INFO - ========================================================================================================================================================================================================
2020-09-29 21:49:30,003 - views.py - line:32 - user_login - INFO - C:\Users\Administrator\Desktop\Python\flask\token.ini
2020-09-29 21:49:30,003 - views.py - line:34 - user_login - INFO - gtredacdad432
2020-09-29 21:49:30,004 - views.py - line:39 - user_login - ERROR - IT2cQgnbgnCsQXBJCKcNBFZP4fGfSJ2292+JXa1k3Qv4xS2t2nYOhkgR9lTYX/1qkAtTmytOewmJ/+5GWtEkJgnKPISm5U7lry4M3TzfXqRfUzXq1uWyJn9u3/gH2dPycE3ANBfBHFkPF/ntKt/U6WutGqr+Dz8vBJ7D4bJKgu4=
2020-09-29 21:49:30,004 - views.py - line:40 - user_login - INFO - ========================================================================================================================================================================================================
2020-09-29 21:49:30,004 - views.py - line:51 - user_login - INFO - app2: eyJ0eXAiOiJKV1QiLCJhbGciOiJIUzI1NiJ9.eyJ1c2VybmFtZSI6ImFwcDIiLCJleHAiOjE2MDE0NzM3NjkuODMxMDU1OX0.kHtkzTotWPYKJVqb6VxUIlsK8kwfRpmuALi6ee8_5cU

2020-09-29 21:49:30,004 - views.py - line:54 - user_login - INFO - {'name': 'less', 'age': 34, 'sex': 'w', 'uuid': UUID('272f2ca5-e266-4567-899f-9bcad50de49a'), 'token': 'eyJ0eXAiOiJKV1QiLCJhbGciOiJIUzI1NiJ9.eyJ1c2VybmFtZSI6ImFwcDIiLCJleHAiOjE2MDE0NzM3NjkuODMxMDU1OX0.kHtkzTotWPYKJVqb6VxUIlsK8kwfRpmuALi6ee8_5cU', 'secrete': 'IT2cQgnbgnCsQXBJCKcNBFZP4fGfSJ2292+JXa1k3Qv4xS2t2nYOhkgR9lTYX/1qkAtTmytOewmJ/+5GWtEkJgnKPISm5U7lry4M3TzfXqRfUzXq1uWyJn9u3/gH2dPycE3ANBfBHFkPF/ntKt/U6WutGqr+Dz8vBJ7D4bJKgu4='}
2020-09-29 21:49:49,477 - views.py - line:24 - user_login - INFO - <Request 'http://127.0.0.1:5001/user/login' [GET]>
2020-09-29 21:49:49,478 - views.py - line:25 - user_login - INFO - <Request 'http://127.0.0.1:5001/user/login' [GET]>
2020-09-29 21:49:49,478 - views.py - line:26 - user_login - INFO - <class 'werkzeug.local.LocalProxy'>
2020-09-29 21:49:49,478 - views.py - line:27 - user_login - INFO - ========================================================================================================================================================================================================
2020-09-29 21:49:49,752 - views.py - line:32 - user_login - INFO - C:\Users\Administrator\Desktop\Python\flask\token.ini
2020-09-29 21:49:49,752 - views.py - line:34 - user_login - INFO - gtredacdad432
2020-09-29 21:49:49,753 - views.py - line:39 - user_login - ERROR - ea/u2uJq2GYpvX+txAm0r3ep0v0lVV6Oa3qCiGXBoqUYRXRiltoerPWHp2POp3N4pdW51FQOXaeXCg4+gKb9FWJCTn05WyiAFflfc6kc68Q1YSMFpVR8mkbt7Ncf+uYzKNN6aqkYolDfhGTUexbQvxRzFjDfgGWI7Joc9ODCWkw=
2020-09-29 21:49:49,753 - views.py - line:40 - user_login - INFO - ========================================================================================================================================================================================================
2020-09-29 21:49:49,754 - views.py - line:51 - user_login - INFO - app2: eyJ0eXAiOiJKV1QiLCJhbGciOiJIUzI1NiJ9.eyJ1c2VybmFtZSI6ImFwcDIiLCJleHAiOjE2MDE0NzM3ODkuNDc4NzQ4M30.zpt6R5Sng8_i5z5p-Uh6YyUAst3DSMEpHV2ODbMNkdk

2020-09-29 21:49:49,754 - views.py - line:54 - user_login - INFO - {'name': 'less', 'age': 34, 'sex': 'w', 'uuid': UUID('900085c4-e39f-430b-8b2f-091faeec8765'), 'token': 'eyJ0eXAiOiJKV1QiLCJhbGciOiJIUzI1NiJ9.eyJ1c2VybmFtZSI6ImFwcDIiLCJleHAiOjE2MDE0NzM3ODkuNDc4NzQ4M30.zpt6R5Sng8_i5z5p-Uh6YyUAst3DSMEpHV2ODbMNkdk', 'secrete': 'ea/u2uJq2GYpvX+txAm0r3ep0v0lVV6Oa3qCiGXBoqUYRXRiltoerPWHp2POp3N4pdW51FQOXaeXCg4+gKb9FWJCTn05WyiAFflfc6kc68Q1YSMFpVR8mkbt7Ncf+uYzKNN6aqkYolDfhGTUexbQvxRzFjDfgGWI7Joc9ODCWkw='}
2020-09-29 21:51:08,785 - views.py - line:24 - user_login - INFO - <Request 'http://127.0.0.1:5001/user/login' [GET]>
2020-09-29 21:51:08,785 - views.py - line:25 - user_login - INFO - <Request 'http://127.0.0.1:5001/user/login' [GET]>
2020-09-29 21:51:08,785 - views.py - line:26 - user_login - INFO - <class 'werkzeug.local.LocalProxy'>
2020-09-29 21:51:08,785 - views.py - line:27 - user_login - INFO - ========================================================================================================================================================================================================
2020-09-29 21:51:08,924 - views.py - line:32 - user_login - INFO - C:\Users\Administrator\Desktop\Python\flask\token.ini
2020-09-29 21:51:08,924 - views.py - line:34 - user_login - INFO - gtredacdad432
2020-09-29 21:51:08,925 - views.py - line:39 - user_login - ERROR - etER8YO4lZDFZv+5esg1iDolSRKHWtTaHrb1US1oUaqUc331iOfc9PuveMeQ7vwdGyFcXBGIcHP2wI3yDp5PDTVbmpfMcoxhTKgdS5x7n/5JWQWah+2/cFNBJMuAlANkHIN7pOgo24+X0pAlA+dmzAV+/pLt6EIEOOPFP7F01Gk=
2020-09-29 21:51:08,925 - views.py - line:40 - user_login - INFO - ========================================================================================================================================================================================================
2020-09-29 21:51:08,926 - views.py - line:51 - user_login - INFO - app2: eyJ0eXAiOiJKV1QiLCJhbGciOiJIUzI1NiJ9.eyJ1c2VybmFtZSI6ImFwcDIiLCJleHAiOjE2MDE0NzM4NjguNzg1MzU5fQ.P5IMpwL7n5YCjyMjL6Y4Z1GLv2tNKkkJORgXEj-mkzU

2020-09-29 21:51:08,926 - views.py - line:54 - user_login - INFO - {'name': 'less', 'age': 34, 'sex': 'w', 'uuid': UUID('3d77695b-c5c5-4bd9-9aaf-9133fd46f7a4'), 'token': 'eyJ0eXAiOiJKV1QiLCJhbGciOiJIUzI1NiJ9.eyJ1c2VybmFtZSI6ImFwcDIiLCJleHAiOjE2MDE0NzM4NjguNzg1MzU5fQ.P5IMpwL7n5YCjyMjL6Y4Z1GLv2tNKkkJORgXEj-mkzU', 'secrete': 'etER8YO4lZDFZv+5esg1iDolSRKHWtTaHrb1US1oUaqUc331iOfc9PuveMeQ7vwdGyFcXBGIcHP2wI3yDp5PDTVbmpfMcoxhTKgdS5x7n/5JWQWah+2/cFNBJMuAlANkHIN7pOgo24+X0pAlA+dmzAV+/pLt6EIEOOPFP7F01Gk='}
2020-09-29 21:51:55,285 - views.py - line:24 - user_login - INFO - <Request 'http://127.0.0.1:5001/user/login' [GET]>
2020-09-29 21:51:55,285 - views.py - line:25 - user_login - INFO - <Request 'http://127.0.0.1:5001/user/login' [GET]>
2020-09-29 21:51:55,285 - views.py - line:26 - user_login - INFO - <class 'werkzeug.local.LocalProxy'>
2020-09-29 21:51:55,285 - views.py - line:27 - user_login - INFO - ========================================================================================================================================================================================================
2020-09-29 21:51:55,519 - views.py - line:32 - user_login - INFO - C:\Users\Administrator\Desktop\Python\flask\token.ini
2020-09-29 21:51:55,519 - views.py - line:34 - user_login - INFO - gtredacdad432
2020-09-29 21:51:55,520 - views.py - line:39 - user_login - ERROR - NVyyhQ285mNqi/4mmYp79PERvZrtONVbua9381d/fgyisI4ag4ofXPVpWlN9N6Nhge4QOSL8HQXKFQGczwIT8rIGwqFx65NFUYgw0nn5EzP0DnjIJnhP9A6Mhqct0buYbWGguhqF6bqJ/Z6C3+U4F09XhCJ1n6CZnwfA5uTd0iA=
2020-09-29 21:51:55,520 - views.py - line:40 - user_login - INFO - ========================================================================================================================================================================================================
2020-09-29 21:51:55,520 - views.py - line:51 - user_login - INFO - app2: eyJ0eXAiOiJKV1QiLCJhbGciOiJIUzI1NiJ9.eyJ1c2VybmFtZSI6ImFwcDIiLCJleHAiOjE2MDE0NzM5MTUuMjg1MTcxfQ.IIABcuvo5_w43Alugv7lLo4rRTphHUORDX8lCeHbHw8

2020-09-29 21:51:55,520 - views.py - line:54 - user_login - INFO - {'name': 'less', 'age': 34, 'sex': 'w', 'uuid': UUID('301d461d-151c-47f6-88f5-ca78fe968322'), 'token': 'eyJ0eXAiOiJKV1QiLCJhbGciOiJIUzI1NiJ9.eyJ1c2VybmFtZSI6ImFwcDIiLCJleHAiOjE2MDE0NzM5MTUuMjg1MTcxfQ.IIABcuvo5_w43Alugv7lLo4rRTphHUORDX8lCeHbHw8', 'secrete': 'NVyyhQ285mNqi/4mmYp79PERvZrtONVbua9381d/fgyisI4ag4ofXPVpWlN9N6Nhge4QOSL8HQXKFQGczwIT8rIGwqFx65NFUYgw0nn5EzP0DnjIJnhP9A6Mhqct0buYbWGguhqF6bqJ/Z6C3+U4F09XhCJ1n6CZnwfA5uTd0iA='}
2020-09-29 21:52:07,050 - views.py - line:24 - user_login - INFO - <Request 'http://127.0.0.1:5001/user/login' [GET]>
2020-09-29 21:52:07,050 - views.py - line:25 - user_login - INFO - <Request 'http://127.0.0.1:5001/user/login' [GET]>
2020-09-29 21:52:07,050 - views.py - line:26 - user_login - INFO - <class 'werkzeug.local.LocalProxy'>
2020-09-29 21:52:07,051 - views.py - line:27 - user_login - INFO - ========================================================================================================================================================================================================
2020-09-29 21:52:07,343 - views.py - line:32 - user_login - INFO - C:\Users\Administrator\Desktop\Python\flask\token.ini
2020-09-29 21:52:07,343 - views.py - line:34 - user_login - INFO - gtredacdad432
2020-09-29 21:52:07,344 - views.py - line:39 - user_login - ERROR - U/d8oLjwCkbIuNQGjg46losIsHEJmRIQEp2v1JZOxk62YFMi41C9IQvzQGm2BsQHxquUjkpBR6aIu/sk6bdYezdprIajinvSWkgFe+ObKAa/jQUowU381kDL0ha8AaT38101anR7KhQI39S/yyu49Ts4zUoPazAYmsEAutc65uo=
2020-09-29 21:52:07,344 - views.py - line:40 - user_login - INFO - ========================================================================================================================================================================================================
2020-09-29 21:52:07,344 - views.py - line:51 - user_login - INFO - app2: eyJ0eXAiOiJKV1QiLCJhbGciOiJIUzI1NiJ9.eyJ1c2VybmFtZSI6ImFwcDIiLCJleHAiOjE2MDE0NzM5MjcuMDUxNn0.z7vIVEjdhldAVChAtILF9Rs3fO6zS4j2CiUEIf-HzAQ

2020-09-29 21:52:07,344 - views.py - line:54 - user_login - INFO - {'name': 'less', 'age': 34, 'sex': 'w', 'uuid': UUID('0043d845-8c07-469e-b2d6-6eabe531f55e'), 'token': 'eyJ0eXAiOiJKV1QiLCJhbGciOiJIUzI1NiJ9.eyJ1c2VybmFtZSI6ImFwcDIiLCJleHAiOjE2MDE0NzM5MjcuMDUxNn0.z7vIVEjdhldAVChAtILF9Rs3fO6zS4j2CiUEIf-HzAQ', 'secrete': 'U/d8oLjwCkbIuNQGjg46losIsHEJmRIQEp2v1JZOxk62YFMi41C9IQvzQGm2BsQHxquUjkpBR6aIu/sk6bdYezdprIajinvSWkgFe+ObKAa/jQUowU381kDL0ha8AaT38101anR7KhQI39S/yyu49Ts4zUoPazAYmsEAutc65uo='}
2020-09-29 21:52:52,549 - views.py - line:24 - user_login - INFO - <Request 'http://127.0.0.1:5001/user/login' [GET]>
2020-09-29 21:52:52,550 - views.py - line:25 - user_login - INFO - <Request 'http://127.0.0.1:5001/user/login' [GET]>
2020-09-29 21:52:52,550 - views.py - line:26 - user_login - INFO - <class 'werkzeug.local.LocalProxy'>
2020-09-29 21:52:52,550 - views.py - line:27 - user_login - INFO - ========================================================================================================================================================================================================
2020-09-29 21:52:52,760 - views.py - line:32 - user_login - INFO - C:\Users\Administrator\Desktop\Python\flask\token.ini
2020-09-29 21:52:52,760 - views.py - line:34 - user_login - INFO - gtredacdad432
2020-09-29 21:52:52,761 - views.py - line:39 - user_login - ERROR - SUykAn5JKh7WsN7RD1y/+RBQMFBNR7UuZMr+DjP9o6dg/aFR+PEUxCFsL+zbU80H13PTQqYO4KmttJ0hHC4dEpdw9ZT0W6uYQJkLb/z+j94suNXmIEGVN4mvpxNQYF9abDXf1Nra70tpipUmkU/L6PnIvGUurYMWTIPcLS7hME8=
2020-09-29 21:52:52,761 - views.py - line:40 - user_login - INFO - ========================================================================================================================================================================================================
2020-09-29 21:52:52,761 - views.py - line:51 - user_login - INFO - app2: eyJ0eXAiOiJKV1QiLCJhbGciOiJIUzI1NiJ9.eyJ1c2VybmFtZSI6ImFwcDIiLCJleHAiOjE2MDE0NzM5NzIuNTUwOTY2M30.cell8mItFgU27C_ZQRy3VxMDnjVl1UaIhOHsT9rtPU0

2020-09-29 21:52:52,762 - views.py - line:54 - user_login - INFO - {'name': 'less', 'age': 34, 'sex': 'w', 'uuid': UUID('1528cc93-faa6-445f-8bcb-512868036171'), 'token': 'eyJ0eXAiOiJKV1QiLCJhbGciOiJIUzI1NiJ9.eyJ1c2VybmFtZSI6ImFwcDIiLCJleHAiOjE2MDE0NzM5NzIuNTUwOTY2M30.cell8mItFgU27C_ZQRy3VxMDnjVl1UaIhOHsT9rtPU0', 'secrete': 'SUykAn5JKh7WsN7RD1y/+RBQMFBNR7UuZMr+DjP9o6dg/aFR+PEUxCFsL+zbU80H13PTQqYO4KmttJ0hHC4dEpdw9ZT0W6uYQJkLb/z+j94suNXmIEGVN4mvpxNQYF9abDXf1Nra70tpipUmkU/L6PnIvGUurYMWTIPcLS7hME8='}
2020-09-29 21:54:21,846 - views.py - line:24 - user_login - INFO - <Request 'http://127.0.0.1:5001/user/login' [GET]>
2020-09-29 21:54:21,846 - views.py - line:25 - user_login - INFO - <Request 'http://127.0.0.1:5001/user/login' [GET]>
2020-09-29 21:54:21,846 - views.py - line:26 - user_login - INFO - <class 'werkzeug.local.LocalProxy'>
2020-09-29 21:54:21,846 - views.py - line:27 - user_login - INFO - ========================================================================================================================================================================================================
2020-09-29 21:54:22,088 - views.py - line:32 - user_login - INFO - C:\Users\Administrator\Desktop\Python\flask\token.ini
2020-09-29 21:54:22,088 - views.py - line:34 - user_login - INFO - gtredacdad432
2020-09-29 21:54:22,089 - views.py - line:39 - user_login - ERROR - r5fK2hlR4FBS5kumM3Lp/1WRjj//XCYvQDsN7y5QNcPTFNVo4EboHuZ0b5MEDK4t5LYa3LfJx1Pn5E5g0oERAO0q92L3f9du+KDvvSIyUT9pv8EH2wY0awutv5LOIMcSaLGXOIKTuONRm0wZ4afZgmJzPC1b46uOGzC13gGj4sw=
2020-09-29 21:54:22,090 - views.py - line:40 - user_login - INFO - ========================================================================================================================================================================================================
2020-09-29 21:54:22,090 - views.py - line:51 - user_login - INFO - app2: eyJ0eXAiOiJKV1QiLCJhbGciOiJIUzI1NiJ9.eyJ1c2VybmFtZSI6ImFwcDIiLCJleHAiOjE2MDE0NzQwNjEuODQ2NjU1MX0.A3j7HXlu6gcEgUMMx_gaXIoKPzz8nfERbaFSNw9NDpM

2020-09-29 21:54:22,090 - views.py - line:54 - user_login - INFO - {'name': 'less', 'age': 34, 'sex': 'w', 'uuid': UUID('e6e98ab5-be88-4c25-ae68-ed47e41e632f'), 'token': 'eyJ0eXAiOiJKV1QiLCJhbGciOiJIUzI1NiJ9.eyJ1c2VybmFtZSI6ImFwcDIiLCJleHAiOjE2MDE0NzQwNjEuODQ2NjU1MX0.A3j7HXlu6gcEgUMMx_gaXIoKPzz8nfERbaFSNw9NDpM', 'secrete': 'r5fK2hlR4FBS5kumM3Lp/1WRjj//XCYvQDsN7y5QNcPTFNVo4EboHuZ0b5MEDK4t5LYa3LfJx1Pn5E5g0oERAO0q92L3f9du+KDvvSIyUT9pv8EH2wY0awutv5LOIMcSaLGXOIKTuONRm0wZ4afZgmJzPC1b46uOGzC13gGj4sw='}
2020-09-29 21:55:00,154 - views.py - line:24 - user_login - INFO - <Request 'http://127.0.0.1:5001/user/login' [GET]>
2020-09-29 21:55:00,154 - views.py - line:25 - user_login - INFO - <Request 'http://127.0.0.1:5001/user/login' [GET]>
2020-09-29 21:55:00,154 - views.py - line:26 - user_login - INFO - <class 'werkzeug.local.LocalProxy'>
2020-09-29 21:55:00,154 - views.py - line:27 - user_login - INFO - ========================================================================================================================================================================================================
2020-09-29 21:55:00,312 - views.py - line:32 - user_login - INFO - C:\Users\Administrator\Desktop\Python\flask\token.ini
2020-09-29 21:55:00,312 - views.py - line:34 - user_login - INFO - gtredacdad432
2020-09-29 21:55:00,313 - views.py - line:39 - user_login - ERROR - QUsFL8yQbN+xRhkFaTD1gbO3xXEEfvMjlOw+DskL5DYifCiydM1COstl0OhDdzNW4FCmWnlsAq4gbndtDpTF/mKCiAirHmdjl7hipUZkpbyN8MC1x3zwJhUgDuOIN8AzRsL9L/1Bb9syVGlE9bebWRKIR3wXGVubFl9+Akm900Y=
2020-09-29 21:55:00,313 - views.py - line:40 - user_login - INFO - ========================================================================================================================================================================================================
2020-09-29 21:55:00,313 - views.py - line:51 - user_login - INFO - app2: eyJ0eXAiOiJKV1QiLCJhbGciOiJIUzI1NiJ9.eyJ1c2VybmFtZSI6ImFwcDIiLCJleHAiOjE2MDE0NzQxMDAuMTU0NTA2N30.Ax8MmkNYr_jy47FVQ8yLYYM2zKi0WmrbGnaAobxMnNk

2020-09-29 21:55:00,314 - views.py - line:54 - user_login - INFO - {'name': 'less', 'age': 34, 'sex': 'w', 'uuid': UUID('ddf9ad32-59b2-4f09-802f-23e9e0322d16'), 'token': 'eyJ0eXAiOiJKV1QiLCJhbGciOiJIUzI1NiJ9.eyJ1c2VybmFtZSI6ImFwcDIiLCJleHAiOjE2MDE0NzQxMDAuMTU0NTA2N30.Ax8MmkNYr_jy47FVQ8yLYYM2zKi0WmrbGnaAobxMnNk', 'secrete': 'QUsFL8yQbN+xRhkFaTD1gbO3xXEEfvMjlOw+DskL5DYifCiydM1COstl0OhDdzNW4FCmWnlsAq4gbndtDpTF/mKCiAirHmdjl7hipUZkpbyN8MC1x3zwJhUgDuOIN8AzRsL9L/1Bb9syVGlE9bebWRKIR3wXGVubFl9+Akm900Y='}
2020-09-29 21:57:12,632 - views.py - line:24 - user_login - INFO - <Request 'http://127.0.0.1:5001/user/login' [GET]>
2020-09-29 21:57:12,632 - views.py - line:25 - user_login - INFO - <Request 'http://127.0.0.1:5001/user/login' [GET]>
2020-09-29 21:57:12,632 - views.py - line:26 - user_login - INFO - <class 'werkzeug.local.LocalProxy'>
2020-09-29 21:57:12,632 - views.py - line:27 - user_login - INFO - ========================================================================================================================================================================================================
2020-09-29 21:57:12,866 - views.py - line:32 - user_login - INFO - C:\Users\Administrator\Desktop\Python\flask\token.ini
2020-09-29 21:57:12,866 - views.py - line:34 - user_login - INFO - gtredacdad432
2020-09-29 21:57:12,869 - views.py - line:39 - user_login - ERROR - Vfoc33hXPaqYC9DScuGsgXfl2lckzWevpm1PDKdEYm46LRPd6cTERevfONZokR10IBxFCe6us+suLTQXgVUsHo7DUnx7Q0HwEDpIH+RFFoFb9aXY7ZCHMUSK46FoQk7gG7yiR10QATwy9cNmk6jPq+qY25/QUQy7/a3FemwEE3c=
2020-09-29 21:57:12,869 - views.py - line:40 - user_login - INFO - ========================================================================================================================================================================================================
2020-09-29 21:57:12,869 - views.py - line:51 - user_login - INFO - app2: eyJ0eXAiOiJKV1QiLCJhbGciOiJIUzI1NiJ9.eyJ1c2VybmFtZSI6ImFwcDIiLCJleHAiOjE2MDE0NzQyMzIuNjMzOTQxNH0.3PFygneT5FbRq5JlZfCEDRlZlWIbFiSGDn2vXq8fOmg

2020-09-29 21:57:12,869 - views.py - line:54 - user_login - INFO - {'name': 'less', 'age': 34, 'sex': 'w', 'uuid': UUID('60d1e2a0-e490-4393-acbb-5680b6625605'), 'token': 'eyJ0eXAiOiJKV1QiLCJhbGciOiJIUzI1NiJ9.eyJ1c2VybmFtZSI6ImFwcDIiLCJleHAiOjE2MDE0NzQyMzIuNjMzOTQxNH0.3PFygneT5FbRq5JlZfCEDRlZlWIbFiSGDn2vXq8fOmg', 'secrete': 'Vfoc33hXPaqYC9DScuGsgXfl2lckzWevpm1PDKdEYm46LRPd6cTERevfONZokR10IBxFCe6us+suLTQXgVUsHo7DUnx7Q0HwEDpIH+RFFoFb9aXY7ZCHMUSK46FoQk7gG7yiR10QATwy9cNmk6jPq+qY25/QUQy7/a3FemwEE3c='}
2020-09-29 21:57:56,305 - views.py - line:24 - user_login - INFO - <Request 'http://127.0.0.1:5001/user/login' [GET]>
2020-09-29 21:57:56,305 - views.py - line:25 - user_login - INFO - <Request 'http://127.0.0.1:5001/user/login' [GET]>
2020-09-29 21:57:56,305 - views.py - line:26 - user_login - INFO - <class 'werkzeug.local.LocalProxy'>
2020-09-29 21:57:56,305 - views.py - line:27 - user_login - INFO - ========================================================================================================================================================================================================
2020-09-29 21:57:56,463 - views.py - line:32 - user_login - INFO - C:\Users\Administrator\Desktop\Python\flask\token.ini
2020-09-29 21:57:56,463 - views.py - line:34 - user_login - INFO - gtredacdad432
2020-09-29 21:57:56,465 - views.py - line:39 - user_login - ERROR - P8/zBkrSVv6w8zFfYDR/NnBKoAJq2szFxA0ynyNMsFsJNJ573dfje51CWZDDISv8W4srUSqobto+bjqCP/9wdDGBjVUZFZuD/01Hy7M2E4RPvN9sNxQseE/t3RWR6rMDuQYxItsAWkEe27nrxbAAE0+2Z2VJM+W4yKlwzgrlGK8=
2020-09-29 21:57:56,465 - views.py - line:40 - user_login - INFO - ========================================================================================================================================================================================================
2020-09-29 21:57:56,465 - views.py - line:51 - user_login - INFO - app2: eyJ0eXAiOiJKV1QiLCJhbGciOiJIUzI1NiJ9.eyJ1c2VybmFtZSI6ImFwcDIiLCJleHAiOjE2MDE0NzQyNzYuMzA2Njk1NX0.6AsZbkE_3IH6uUXJwvZINMH6slwqnIzuoZt4vNq1JbQ

2020-09-29 21:57:56,466 - views.py - line:54 - user_login - INFO - {'name': 'less', 'age': 34, 'sex': 'w', 'uuid': UUID('969a9a81-64e1-436e-8283-7fbc776d5e26'), 'token': 'eyJ0eXAiOiJKV1QiLCJhbGciOiJIUzI1NiJ9.eyJ1c2VybmFtZSI6ImFwcDIiLCJleHAiOjE2MDE0NzQyNzYuMzA2Njk1NX0.6AsZbkE_3IH6uUXJwvZINMH6slwqnIzuoZt4vNq1JbQ', 'secrete': 'P8/zBkrSVv6w8zFfYDR/NnBKoAJq2szFxA0ynyNMsFsJNJ573dfje51CWZDDISv8W4srUSqobto+bjqCP/9wdDGBjVUZFZuD/01Hy7M2E4RPvN9sNxQseE/t3RWR6rMDuQYxItsAWkEe27nrxbAAE0+2Z2VJM+W4yKlwzgrlGK8='}
2020-09-29 21:59:10,484 - views.py - line:24 - user_login - INFO - <Request 'http://127.0.0.1:5001/user/login' [GET]>
2020-09-29 21:59:10,485 - views.py - line:25 - user_login - INFO - <Request 'http://127.0.0.1:5001/user/login' [GET]>
2020-09-29 21:59:10,485 - views.py - line:26 - user_login - INFO - <class 'werkzeug.local.LocalProxy'>
2020-09-29 21:59:10,485 - views.py - line:27 - user_login - INFO - ========================================================================================================================================================================================================
2020-09-29 21:59:10,582 - views.py - line:32 - user_login - INFO - C:\Users\Administrator\Desktop\Python\flask\token.ini
2020-09-29 21:59:10,582 - views.py - line:34 - user_login - INFO - gtredacdad432
2020-09-29 21:59:10,584 - views.py - line:39 - user_login - ERROR - KkUed4+g8mP+dxPgc6aDtNG4RENLdjg/CFf0lpruOdnLYZqqN/y+KlaJuRnu7q/3BgPC7Rl+E2EXFMhMfhZPR05awIpV47NhFH8cPC6LPgswghOHiVo4265zpgwDhEz0GoxunHqxmGTcC5FhwpX8mK4LG0XBaiOOM2+Pm/NA22k=
2020-09-29 21:59:10,584 - views.py - line:40 - user_login - INFO - ========================================================================================================================================================================================================
2020-09-29 21:59:10,585 - views.py - line:51 - user_login - INFO - app2: eyJ0eXAiOiJKV1QiLCJhbGciOiJIUzI1NiJ9.eyJ1c2VybmFtZSI6ImFwcDIiLCJleHAiOjE2MDE0NzQzNTAuNDg1NDU5OH0.qdE-AHvyNzKCEjyZtnnvHlC27eXRdnW0HiVuVr6FGq0

2020-09-29 21:59:10,585 - views.py - line:54 - user_login - INFO - {'name': 'less', 'age': 34, 'sex': 'w', 'uuid': UUID('a271eef8-72c3-4945-9fb4-a5dda3e593ee'), 'token': 'eyJ0eXAiOiJKV1QiLCJhbGciOiJIUzI1NiJ9.eyJ1c2VybmFtZSI6ImFwcDIiLCJleHAiOjE2MDE0NzQzNTAuNDg1NDU5OH0.qdE-AHvyNzKCEjyZtnnvHlC27eXRdnW0HiVuVr6FGq0', 'secrete': 'KkUed4+g8mP+dxPgc6aDtNG4RENLdjg/CFf0lpruOdnLYZqqN/y+KlaJuRnu7q/3BgPC7Rl+E2EXFMhMfhZPR05awIpV47NhFH8cPC6LPgswghOHiVo4265zpgwDhEz0GoxunHqxmGTcC5FhwpX8mK4LG0XBaiOOM2+Pm/NA22k='}
2020-09-29 22:02:50,967 - views.py - line:24 - user_login - INFO - <Request 'http://127.0.0.1:5001/user/login' [GET]>
2020-09-29 22:02:50,968 - views.py - line:25 - user_login - INFO - <Request 'http://127.0.0.1:5001/user/login' [GET]>
2020-09-29 22:02:50,968 - views.py - line:26 - user_login - INFO - <class 'werkzeug.local.LocalProxy'>
2020-09-29 22:02:50,968 - views.py - line:27 - user_login - INFO - ========================================================================================================================================================================================================
2020-09-29 22:02:51,283 - views.py - line:32 - user_login - INFO - C:\Users\Administrator\Desktop\Python\flask\token.ini
2020-09-29 22:02:51,283 - views.py - line:34 - user_login - INFO - gtredacdad432
2020-09-29 22:02:51,284 - views.py - line:39 - user_login - ERROR - rdvew02zHhBJYQbNvRFVzDiV31xM1OXpTCopjImhxn4/JDrzw/Pa3gJ5iY8pb02NktiSl+nRNoq7pTIiF1bvK7sRfo2hY/XuHK5PuY3xpIZQSUqC8IT6JLUHFG41E0XXLIf0pb0tvXsHuSmy6qzj+fFzE0XiVN0fcJiKEJ9F+jM=
2020-09-29 22:02:51,284 - views.py - line:40 - user_login - INFO - ========================================================================================================================================================================================================
2020-09-29 22:02:51,284 - views.py - line:51 - user_login - INFO - app2: eyJ0eXAiOiJKV1QiLCJhbGciOiJIUzI1NiJ9.eyJ1c2VybmFtZSI6ImFwcDIiLCJleHAiOjE2MDE0NzQ1NzAuOTY4ODEwNn0.tQxISW5M1cVGIuc3Ld_iuoAWk23aCqlYS8CJ5Mj2gFg

2020-09-29 22:02:51,284 - views.py - line:54 - user_login - INFO - {'name': 'less', 'age': 34, 'sex': 'w', 'uuid': UUID('fe42344a-e5cc-4ac6-b1d2-95b3c325c2a3'), 'token': 'eyJ0eXAiOiJKV1QiLCJhbGciOiJIUzI1NiJ9.eyJ1c2VybmFtZSI6ImFwcDIiLCJleHAiOjE2MDE0NzQ1NzAuOTY4ODEwNn0.tQxISW5M1cVGIuc3Ld_iuoAWk23aCqlYS8CJ5Mj2gFg', 'secrete': 'rdvew02zHhBJYQbNvRFVzDiV31xM1OXpTCopjImhxn4/JDrzw/Pa3gJ5iY8pb02NktiSl+nRNoq7pTIiF1bvK7sRfo2hY/XuHK5PuY3xpIZQSUqC8IT6JLUHFG41E0XXLIf0pb0tvXsHuSmy6qzj+fFzE0XiVN0fcJiKEJ9F+jM='}
2020-09-29 22:05:17,279 - views.py - line:24 - user_login - INFO - <Request 'http://127.0.0.1:5001/user/login' [GET]>
2020-09-29 22:05:17,279 - views.py - line:25 - user_login - INFO - <Request 'http://127.0.0.1:5001/user/login' [GET]>
2020-09-29 22:05:17,279 - views.py - line:26 - user_login - INFO - <class 'werkzeug.local.LocalProxy'>
2020-09-29 22:05:17,279 - views.py - line:27 - user_login - INFO - ========================================================================================================================================================================================================
2020-09-29 22:05:17,518 - views.py - line:32 - user_login - INFO - C:\Users\Administrator\Desktop\Python\flask\token.ini
2020-09-29 22:05:17,518 - views.py - line:34 - user_login - INFO - gtredacdad432
2020-09-29 22:05:17,520 - views.py - line:39 - user_login - ERROR - ZWYCIxICQKQjk48LhElJJtMECk4BTNQvalJmLvxMpDW96/JazPH+opSfCMXTILmUHXkf4ZEi0/XPmNz8UUpgiKtxYWVwFVqoahgO0monA1Q1nUyNdHFPsamOd7uYCxp/fCQkUwGlgSmBPiD0V0NOq3a/u+0xqpTrREQn/PyDdnw=
2020-09-29 22:05:17,520 - views.py - line:40 - user_login - INFO - ========================================================================================================================================================================================================
2020-09-29 22:05:17,520 - views.py - line:51 - user_login - INFO - app2: eyJ0eXAiOiJKV1QiLCJhbGciOiJIUzI1NiJ9.eyJ1c2VybmFtZSI6ImFwcDIiLCJleHAiOjE2MDE0NzQ3MTcuMjgwMzk4OH0.ynSoRcMTP0U_qBSVX4bmyCQiVhTctlwPacRcRt8mUxU

2020-09-29 22:05:17,521 - views.py - line:54 - user_login - INFO - {'name': 'less', 'age': 34, 'sex': 'w', 'uuid': UUID('7d8ebb97-abd5-4033-b0aa-94ca64a5416e'), 'token': 'eyJ0eXAiOiJKV1QiLCJhbGciOiJIUzI1NiJ9.eyJ1c2VybmFtZSI6ImFwcDIiLCJleHAiOjE2MDE0NzQ3MTcuMjgwMzk4OH0.ynSoRcMTP0U_qBSVX4bmyCQiVhTctlwPacRcRt8mUxU', 'secrete': 'ZWYCIxICQKQjk48LhElJJtMECk4BTNQvalJmLvxMpDW96/JazPH+opSfCMXTILmUHXkf4ZEi0/XPmNz8UUpgiKtxYWVwFVqoahgO0monA1Q1nUyNdHFPsamOd7uYCxp/fCQkUwGlgSmBPiD0V0NOq3a/u+0xqpTrREQn/PyDdnw='}
2020-09-29 22:06:01,813 - views.py - line:24 - user_login - INFO - <Request 'http://127.0.0.1:5001/user/login' [GET]>
2020-09-29 22:06:01,814 - views.py - line:25 - user_login - INFO - <Request 'http://127.0.0.1:5001/user/login' [GET]>
2020-09-29 22:06:01,814 - views.py - line:26 - user_login - INFO - <class 'werkzeug.local.LocalProxy'>
2020-09-29 22:06:01,814 - views.py - line:27 - user_login - INFO - ========================================================================================================================================================================================================
2020-09-29 22:06:01,968 - views.py - line:32 - user_login - INFO - C:\Users\Administrator\Desktop\Python\flask\token.ini
2020-09-29 22:06:01,969 - views.py - line:34 - user_login - INFO - gtredacdad432
2020-09-29 22:06:01,970 - views.py - line:39 - user_login - ERROR - H73ku1EusDpNI+dYfQrttQ7iVcsMUxFtShRK949Bpj0Boeoz2lEZYPK/V5dsllMd4IG/nDQlDcM7VJxLXiQwo8TWrzAqYSjny0hSE89dKlXQnNKDaAG4KbiyCzgtNEvcV1kP7KBVDToc8a/Hwq5xqq9rAL8KANQ4Yfdo6995LzM=
2020-09-29 22:06:01,970 - views.py - line:40 - user_login - INFO - ========================================================================================================================================================================================================
2020-09-29 22:06:01,970 - views.py - line:51 - user_login - INFO - app2: eyJ0eXAiOiJKV1QiLCJhbGciOiJIUzI1NiJ9.eyJ1c2VybmFtZSI6ImFwcDIiLCJleHAiOjE2MDE0NzQ3NjEuODE0MjE1N30.oeHXRGxH0TPTKXf0Keyt8vqdAa33QCWVMDH4dDqsXm4

2020-09-29 22:06:01,970 - views.py - line:54 - user_login - INFO - {'name': 'less', 'age': 34, 'sex': 'w', 'uuid': UUID('46b17572-ac60-443e-9205-a9ac05865f3b'), 'token': 'eyJ0eXAiOiJKV1QiLCJhbGciOiJIUzI1NiJ9.eyJ1c2VybmFtZSI6ImFwcDIiLCJleHAiOjE2MDE0NzQ3NjEuODE0MjE1N30.oeHXRGxH0TPTKXf0Keyt8vqdAa33QCWVMDH4dDqsXm4', 'secrete': 'H73ku1EusDpNI+dYfQrttQ7iVcsMUxFtShRK949Bpj0Boeoz2lEZYPK/V5dsllMd4IG/nDQlDcM7VJxLXiQwo8TWrzAqYSjny0hSE89dKlXQnNKDaAG4KbiyCzgtNEvcV1kP7KBVDToc8a/Hwq5xqq9rAL8KANQ4Yfdo6995LzM='}
2020-09-29 22:06:12,748 - views.py - line:24 - user_login - INFO - <Request 'http://127.0.0.1:5001/user/login' [GET]>
2020-09-29 22:06:12,748 - views.py - line:25 - user_login - INFO - <Request 'http://127.0.0.1:5001/user/login' [GET]>
2020-09-29 22:06:12,748 - views.py - line:26 - user_login - INFO - <class 'werkzeug.local.LocalProxy'>
2020-09-29 22:06:12,749 - views.py - line:27 - user_login - INFO - ========================================================================================================================================================================================================
2020-09-29 22:06:12,922 - views.py - line:32 - user_login - INFO - C:\Users\Administrator\Desktop\Python\flask\token.ini
2020-09-29 22:06:12,922 - views.py - line:34 - user_login - INFO - gtredacdad432
2020-09-29 22:06:12,923 - views.py - line:39 - user_login - ERROR - fbQJvXbTH2E+5+tZmwmH1AM3kJ18MR/ueEKTQvHHauAYx3xHAeFSDaT7o8T6rNlmh6HbpGbOKBiC2AsKOeLc+qlN14Kv5qOmbEHDYAuxETRl8EAd30r7jLXiSn+ZrBZYxePTnYj6/fA6UXsDneNs9ZBBDXVSxpT9x4plDG+61TM=
2020-09-29 22:06:12,923 - views.py - line:40 - user_login - INFO - ========================================================================================================================================================================================================
2020-09-29 22:06:12,923 - views.py - line:51 - user_login - INFO - app2: eyJ0eXAiOiJKV1QiLCJhbGciOiJIUzI1NiJ9.eyJ1c2VybmFtZSI6ImFwcDIiLCJleHAiOjE2MDE0NzQ3NzIuNzQ5NDY2N30.V0v1nzhLFp7ddCPLeYgVsazYyfBiQzoK41ifE0m7l0E

2020-09-29 22:06:12,924 - views.py - line:54 - user_login - INFO - {'name': 'less', 'age': 34, 'sex': 'w', 'uuid': UUID('5345100f-d36e-4e39-abdd-0039a17b7da4'), 'token': 'eyJ0eXAiOiJKV1QiLCJhbGciOiJIUzI1NiJ9.eyJ1c2VybmFtZSI6ImFwcDIiLCJleHAiOjE2MDE0NzQ3NzIuNzQ5NDY2N30.V0v1nzhLFp7ddCPLeYgVsazYyfBiQzoK41ifE0m7l0E', 'secrete': 'fbQJvXbTH2E+5+tZmwmH1AM3kJ18MR/ueEKTQvHHauAYx3xHAeFSDaT7o8T6rNlmh6HbpGbOKBiC2AsKOeLc+qlN14Kv5qOmbEHDYAuxETRl8EAd30r7jLXiSn+ZrBZYxePTnYj6/fA6UXsDneNs9ZBBDXVSxpT9x4plDG+61TM='}
2020-09-29 22:06:44,086 - views.py - line:24 - user_login - INFO - <Request 'http://127.0.0.1:5001/user/login' [GET]>
2020-09-29 22:06:44,086 - views.py - line:25 - user_login - INFO - <Request 'http://127.0.0.1:5001/user/login' [GET]>
2020-09-29 22:06:44,086 - views.py - line:26 - user_login - INFO - <class 'werkzeug.local.LocalProxy'>
2020-09-29 22:06:44,086 - views.py - line:27 - user_login - INFO - ========================================================================================================================================================================================================
2020-09-29 22:06:44,324 - views.py - line:32 - user_login - INFO - C:\Users\Administrator\Desktop\Python\flask\token.ini
2020-09-29 22:06:44,324 - views.py - line:34 - user_login - INFO - gtredacdad432
2020-09-29 22:06:44,325 - views.py - line:39 - user_login - ERROR - TfcnPtVx7jEausVEfxSPL7ZlAzsF9xznI0ewA3rg8/NV87m5L9SvnvVs+H+yhZmW3rOelFeKpmN8AYnSYcQvC+8cZkTD2dzf5QyeVbm+XSiQ+gvaeYkpf3ncbqWVrgjBqX/OOiMcMbpaGqCEgh1YA606/FmTzsHK8Lg5gTKd2mE=
2020-09-29 22:06:44,325 - views.py - line:40 - user_login - INFO - ========================================================================================================================================================================================================
2020-09-29 22:06:44,325 - views.py - line:51 - user_login - INFO - app2: eyJ0eXAiOiJKV1QiLCJhbGciOiJIUzI1NiJ9.eyJ1c2VybmFtZSI6ImFwcDIiLCJleHAiOjE2MDE0NzQ4MDQuMDg2MTI5Mn0.XS18O4HwaxZtJjZkHuDK-i7bW5-0MoqXS_cCM5HI4kg

2020-09-29 22:06:44,327 - views.py - line:54 - user_login - INFO - {'name': 'less', 'age': 34, 'sex': 'w', 'uuid': UUID('8dcefe1b-6a01-4385-8194-746b1d08c802'), 'token': 'eyJ0eXAiOiJKV1QiLCJhbGciOiJIUzI1NiJ9.eyJ1c2VybmFtZSI6ImFwcDIiLCJleHAiOjE2MDE0NzQ4MDQuMDg2MTI5Mn0.XS18O4HwaxZtJjZkHuDK-i7bW5-0MoqXS_cCM5HI4kg', 'secrete': 'TfcnPtVx7jEausVEfxSPL7ZlAzsF9xznI0ewA3rg8/NV87m5L9SvnvVs+H+yhZmW3rOelFeKpmN8AYnSYcQvC+8cZkTD2dzf5QyeVbm+XSiQ+gvaeYkpf3ncbqWVrgjBqX/OOiMcMbpaGqCEgh1YA606/FmTzsHK8Lg5gTKd2mE='}
2020-09-29 22:08:04,464 - views.py - line:24 - user_login - INFO - <Request 'http://127.0.0.1:5001/user/login' [GET]>
2020-09-29 22:08:04,464 - views.py - line:25 - user_login - INFO - <Request 'http://127.0.0.1:5001/user/login' [GET]>
2020-09-29 22:08:04,464 - views.py - line:26 - user_login - INFO - <class 'werkzeug.local.LocalProxy'>
2020-09-29 22:08:04,465 - views.py - line:27 - user_login - INFO - ========================================================================================================================================================================================================
2020-09-29 22:08:04,779 - views.py - line:32 - user_login - INFO - C:\Users\Administrator\Desktop\Python\flask\token.ini
2020-09-29 22:08:04,779 - views.py - line:34 - user_login - INFO - gtredacdad432
2020-09-29 22:08:04,780 - views.py - line:39 - user_login - ERROR - nFXGuKvpJv3wy+Ad9amPUBHmjWp7CuJfbjOySdrbLcHJs7il+1+tJ9i1obPbjoP5ZimcfT+pu7i0rLN1SYP373wroH6cSVsGlNVPHSOH0jlgY05E5M3ts3eoo01w5qTUJc+JSIkqWx7qRFAiQ4P8uZ8YZe8duB7lhCV9GoouqTY=
2020-09-29 22:08:04,780 - views.py - line:40 - user_login - INFO - ========================================================================================================================================================================================================
2020-09-29 22:08:04,780 - views.py - line:51 - user_login - INFO - app2: eyJ0eXAiOiJKV1QiLCJhbGciOiJIUzI1NiJ9.eyJ1c2VybmFtZSI6ImFwcDIiLCJleHAiOjE2MDE0NzQ4ODQuNDY1OTQ2Mn0.8gLX5veErTpb9I9tJE4QyjVm8weuVgpRSGlp3qlbkok

2020-09-29 22:08:04,780 - views.py - line:54 - user_login - INFO - {'name': 'less', 'age': 34, 'sex': 'w', 'uuid': UUID('08cbdd64-8100-449d-a79c-155a09c06a12'), 'token': 'eyJ0eXAiOiJKV1QiLCJhbGciOiJIUzI1NiJ9.eyJ1c2VybmFtZSI6ImFwcDIiLCJleHAiOjE2MDE0NzQ4ODQuNDY1OTQ2Mn0.8gLX5veErTpb9I9tJE4QyjVm8weuVgpRSGlp3qlbkok', 'secrete': 'nFXGuKvpJv3wy+Ad9amPUBHmjWp7CuJfbjOySdrbLcHJs7il+1+tJ9i1obPbjoP5ZimcfT+pu7i0rLN1SYP373wroH6cSVsGlNVPHSOH0jlgY05E5M3ts3eoo01w5qTUJc+JSIkqWx7qRFAiQ4P8uZ8YZe8duB7lhCV9GoouqTY='}
2020-09-29 22:08:39,332 - views.py - line:24 - user_login - INFO - <Request 'http://127.0.0.1:5001/user/login' [GET]>
2020-09-29 22:08:39,332 - views.py - line:25 - user_login - INFO - <Request 'http://127.0.0.1:5001/user/login' [GET]>
2020-09-29 22:08:39,332 - views.py - line:26 - user_login - INFO - <class 'werkzeug.local.LocalProxy'>
2020-09-29 22:08:39,333 - views.py - line:27 - user_login - INFO - ========================================================================================================================================================================================================
2020-09-29 22:08:39,488 - views.py - line:32 - user_login - INFO - C:\Users\Administrator\Desktop\Python\flask\token.ini
2020-09-29 22:08:39,488 - views.py - line:34 - user_login - INFO - gtredacdad432
2020-09-29 22:08:39,489 - views.py - line:39 - user_login - ERROR - o9TDwtRHpKBdc0SiWGDPWp2dlCOk/xYG8E99bp1XMF13EdWe1fZzJOcFGil0eJiN0bZJXEm7PtTp19x+RHK8WXnvLZFriA+YkEwOS544LzEBDVNT2kEucZNeWzkGorqrEaFFgsmenMAydmZzYDbUFzJ8t20GxypCEz/YYLxH8aE=
2020-09-29 22:08:39,489 - views.py - line:40 - user_login - INFO - ========================================================================================================================================================================================================
2020-09-29 22:08:39,489 - views.py - line:51 - user_login - INFO - app2: eyJ0eXAiOiJKV1QiLCJhbGciOiJIUzI1NiJ9.eyJ1c2VybmFtZSI6ImFwcDIiLCJleHAiOjE2MDE0NzQ5MTkuMzMzNzc0Nn0.huOD9IP0lzmoGeyhS_PQxDkEfRho7hHXUE2ZHUopK20

2020-09-29 22:08:39,489 - views.py - line:54 - user_login - INFO - {'name': 'less', 'age': 34, 'sex': 'w', 'uuid': UUID('1cfbc409-e6b6-4a96-ac02-849d63752195'), 'token': 'eyJ0eXAiOiJKV1QiLCJhbGciOiJIUzI1NiJ9.eyJ1c2VybmFtZSI6ImFwcDIiLCJleHAiOjE2MDE0NzQ5MTkuMzMzNzc0Nn0.huOD9IP0lzmoGeyhS_PQxDkEfRho7hHXUE2ZHUopK20', 'secrete': 'o9TDwtRHpKBdc0SiWGDPWp2dlCOk/xYG8E99bp1XMF13EdWe1fZzJOcFGil0eJiN0bZJXEm7PtTp19x+RHK8WXnvLZFriA+YkEwOS544LzEBDVNT2kEucZNeWzkGorqrEaFFgsmenMAydmZzYDbUFzJ8t20GxypCEz/YYLxH8aE='}
2020-09-29 22:08:50,454 - views.py - line:24 - user_login - INFO - <Request 'http://127.0.0.1:5001/user/login' [GET]>
2020-09-29 22:08:50,454 - views.py - line:25 - user_login - INFO - <Request 'http://127.0.0.1:5001/user/login' [GET]>
2020-09-29 22:08:50,454 - views.py - line:26 - user_login - INFO - <class 'werkzeug.local.LocalProxy'>
2020-09-29 22:08:50,454 - views.py - line:27 - user_login - INFO - ========================================================================================================================================================================================================
2020-09-29 22:08:50,594 - views.py - line:32 - user_login - INFO - C:\Users\Administrator\Desktop\Python\flask\token.ini
2020-09-29 22:08:50,594 - views.py - line:34 - user_login - INFO - gtredacdad432
2020-09-29 22:08:50,595 - views.py - line:39 - user_login - ERROR - WVWiQ2rylcMURqQfXOGswWTuis9qvdzDyUT6QJBsHA6lGQ9rMOLoqeIzbPyIWxXBIAoPVYrwe1QKhHPm8bG/Omty8lWTMbrra8nYskeSi6B4vmjIah2Ws4EiaeqDSx50TxKlzfk3LyG30daRVIQ92V9PTLRvzDLaYewDBkdPS1U=
2020-09-29 22:08:50,595 - views.py - line:40 - user_login - INFO - ========================================================================================================================================================================================================
2020-09-29 22:08:50,595 - views.py - line:51 - user_login - INFO - app2: eyJ0eXAiOiJKV1QiLCJhbGciOiJIUzI1NiJ9.eyJ1c2VybmFtZSI6ImFwcDIiLCJleHAiOjE2MDE0NzQ5MzAuNDU1MzQ2Nn0.ZL6-vg3wcCo-UMs592maLA16q8IppocbfAHd26gIHLI

2020-09-29 22:08:50,596 - views.py - line:54 - user_login - INFO - {'name': 'less', 'age': 34, 'sex': 'w', 'uuid': UUID('60724ab7-b02e-430f-88ba-62508cef0939'), 'token': 'eyJ0eXAiOiJKV1QiLCJhbGciOiJIUzI1NiJ9.eyJ1c2VybmFtZSI6ImFwcDIiLCJleHAiOjE2MDE0NzQ5MzAuNDU1MzQ2Nn0.ZL6-vg3wcCo-UMs592maLA16q8IppocbfAHd26gIHLI', 'secrete': 'WVWiQ2rylcMURqQfXOGswWTuis9qvdzDyUT6QJBsHA6lGQ9rMOLoqeIzbPyIWxXBIAoPVYrwe1QKhHPm8bG/Omty8lWTMbrra8nYskeSi6B4vmjIah2Ws4EiaeqDSx50TxKlzfk3LyG30daRVIQ92V9PTLRvzDLaYewDBkdPS1U='}
2020-09-29 22:09:01,223 - views.py - line:24 - user_login - INFO - <Request 'http://127.0.0.1:5001/user/login' [GET]>
2020-09-29 22:09:01,224 - views.py - line:25 - user_login - INFO - <Request 'http://127.0.0.1:5001/user/login' [GET]>
2020-09-29 22:09:01,224 - views.py - line:26 - user_login - INFO - <class 'werkzeug.local.LocalProxy'>
2020-09-29 22:09:01,224 - views.py - line:27 - user_login - INFO - ========================================================================================================================================================================================================
2020-09-29 22:09:01,531 - views.py - line:32 - user_login - INFO - C:\Users\Administrator\Desktop\Python\flask\token.ini
2020-09-29 22:09:01,531 - views.py - line:34 - user_login - INFO - gtredacdad432
2020-09-29 22:09:01,532 - views.py - line:39 - user_login - ERROR - EuGguVwdBzIyUDgqITWRTQ+UKsFvKq1GhZbbDBbehe7HH3xnUeFTbjQQx7J10ATFIoV4PUXNwVcuclT4y19vYnsGaKgGWtI2f2ye3pouS9NbhZjsk1sEIFKUoICvfoc1ACi5ssGuWVhli3lwSi5nOTcLz2v7fAcZ2mFJl7T5/tY=
2020-09-29 22:09:01,532 - views.py - line:40 - user_login - INFO - ========================================================================================================================================================================================================
2020-09-29 22:09:01,532 - views.py - line:51 - user_login - INFO - app2: eyJ0eXAiOiJKV1QiLCJhbGciOiJIUzI1NiJ9.eyJ1c2VybmFtZSI6ImFwcDIiLCJleHAiOjE2MDE0NzQ5NDEuMjI0MDI3OX0.pxtK_n28pPYroUaIIyu13csnU1Q17wOk_2xPODlX15Q

2020-09-29 22:09:01,532 - views.py - line:54 - user_login - INFO - {'name': 'less', 'age': 34, 'sex': 'w', 'uuid': UUID('315d5921-7c97-4517-b4dc-b1829f0d28e7'), 'token': 'eyJ0eXAiOiJKV1QiLCJhbGciOiJIUzI1NiJ9.eyJ1c2VybmFtZSI6ImFwcDIiLCJleHAiOjE2MDE0NzQ5NDEuMjI0MDI3OX0.pxtK_n28pPYroUaIIyu13csnU1Q17wOk_2xPODlX15Q', 'secrete': 'EuGguVwdBzIyUDgqITWRTQ+UKsFvKq1GhZbbDBbehe7HH3xnUeFTbjQQx7J10ATFIoV4PUXNwVcuclT4y19vYnsGaKgGWtI2f2ye3pouS9NbhZjsk1sEIFKUoICvfoc1ACi5ssGuWVhli3lwSi5nOTcLz2v7fAcZ2mFJl7T5/tY='}
2020-09-29 22:09:14,757 - views.py - line:24 - user_login - INFO - <Request 'http://127.0.0.1:5001/user/login' [GET]>
2020-09-29 22:09:14,757 - views.py - line:25 - user_login - INFO - <Request 'http://127.0.0.1:5001/user/login' [GET]>
2020-09-29 22:09:14,758 - views.py - line:26 - user_login - INFO - <class 'werkzeug.local.LocalProxy'>
2020-09-29 22:09:14,758 - views.py - line:27 - user_login - INFO - ========================================================================================================================================================================================================
2020-09-29 22:09:15,169 - views.py - line:32 - user_login - INFO - C:\Users\Administrator\Desktop\Python\flask\token.ini
2020-09-29 22:09:15,169 - views.py - line:34 - user_login - INFO - gtredacdad432
2020-09-29 22:09:15,169 - views.py - line:39 - user_login - ERROR - po8RxSiwywG+YD3Mpd6u1m7YeuZkwAxX6gmPb3yvvmsQ9EZdAwZDopR2e1upm3+Lo9i0g3QjWNIcQUeLjZ5/rQ9wuNLjhB5sdtNHYyRSuHocATkTLyrFwJ8m+pkI4a5Lfc3AyOshbOJq+SxKSR82HNrSjkGmsEsHiLJeEjPkjVY=
2020-09-29 22:09:15,169 - views.py - line:40 - user_login - INFO - ========================================================================================================================================================================================================
2020-09-29 22:09:15,169 - views.py - line:51 - user_login - INFO - app2: eyJ0eXAiOiJKV1QiLCJhbGciOiJIUzI1NiJ9.eyJ1c2VybmFtZSI6ImFwcDIiLCJleHAiOjE2MDE0NzQ5NTQuNzU4MjI3OH0.HJaTts08P6Ulfq9xkxIrP2VGh1H-tq6IC4AJK0DZb8M

2020-09-29 22:09:15,170 - views.py - line:54 - user_login - INFO - {'name': 'less', 'age': 34, 'sex': 'w', 'uuid': UUID('8557e993-8664-4228-b9ad-c14b4c4f1225'), 'token': 'eyJ0eXAiOiJKV1QiLCJhbGciOiJIUzI1NiJ9.eyJ1c2VybmFtZSI6ImFwcDIiLCJleHAiOjE2MDE0NzQ5NTQuNzU4MjI3OH0.HJaTts08P6Ulfq9xkxIrP2VGh1H-tq6IC4AJK0DZb8M', 'secrete': 'po8RxSiwywG+YD3Mpd6u1m7YeuZkwAxX6gmPb3yvvmsQ9EZdAwZDopR2e1upm3+Lo9i0g3QjWNIcQUeLjZ5/rQ9wuNLjhB5sdtNHYyRSuHocATkTLyrFwJ8m+pkI4a5Lfc3AyOshbOJq+SxKSR82HNrSjkGmsEsHiLJeEjPkjVY='}
2020-09-29 22:09:38,918 - views.py - line:24 - user_login - INFO - <Request 'http://127.0.0.1:5001/user/login' [GET]>
2020-09-29 22:09:38,918 - views.py - line:25 - user_login - INFO - <Request 'http://127.0.0.1:5001/user/login' [GET]>
2020-09-29 22:09:38,918 - views.py - line:26 - user_login - INFO - <class 'werkzeug.local.LocalProxy'>
2020-09-29 22:09:38,918 - views.py - line:27 - user_login - INFO - ========================================================================================================================================================================================================
2020-09-29 22:09:39,058 - views.py - line:32 - user_login - INFO - C:\Users\Administrator\Desktop\Python\flask\token.ini
2020-09-29 22:09:39,058 - views.py - line:34 - user_login - INFO - gtredacdad432
2020-09-29 22:09:39,059 - views.py - line:39 - user_login - ERROR - sm7H7rNogulbKj4M+cpxR2q0Jzn3MfD19Kfl8fiz6UnfCHHCqtdAsP+96MhnCYnx52yJ5HWEJ1vgrsPc/gVC5kPyCgC6d3IbrTnCtJCFdWRjFfkGJPbj8pWYlO3+t2kHNnhZohv4CID0M+2xGV4a8rsmknG/WekXopfRyFKaALA=
2020-09-29 22:09:39,059 - views.py - line:40 - user_login - INFO - ========================================================================================================================================================================================================
2020-09-29 22:09:39,060 - views.py - line:51 - user_login - INFO - app2: eyJ0eXAiOiJKV1QiLCJhbGciOiJIUzI1NiJ9.eyJ1c2VybmFtZSI6ImFwcDIiLCJleHAiOjE2MDE0NzQ5NzguOTE4Mzg3Mn0.QjwYTopt8YSIsU1UmHNIwIILtnFzPiLAjsTavJY4Xnw

2020-09-29 22:09:39,060 - views.py - line:54 - user_login - INFO - {'name': 'less', 'age': 34, 'sex': 'w', 'uuid': UUID('98569d90-09fa-4cb6-a797-98c65f8f2eea'), 'token': 'eyJ0eXAiOiJKV1QiLCJhbGciOiJIUzI1NiJ9.eyJ1c2VybmFtZSI6ImFwcDIiLCJleHAiOjE2MDE0NzQ5NzguOTE4Mzg3Mn0.QjwYTopt8YSIsU1UmHNIwIILtnFzPiLAjsTavJY4Xnw', 'secrete': 'sm7H7rNogulbKj4M+cpxR2q0Jzn3MfD19Kfl8fiz6UnfCHHCqtdAsP+96MhnCYnx52yJ5HWEJ1vgrsPc/gVC5kPyCgC6d3IbrTnCtJCFdWRjFfkGJPbj8pWYlO3+t2kHNnhZohv4CID0M+2xGV4a8rsmknG/WekXopfRyFKaALA='}
2020-09-29 22:09:51,521 - views.py - line:24 - user_login - INFO - <Request 'http://127.0.0.1:5001/user/login' [GET]>
2020-09-29 22:09:51,521 - views.py - line:25 - user_login - INFO - <Request 'http://127.0.0.1:5001/user/login' [GET]>
2020-09-29 22:09:51,521 - views.py - line:26 - user_login - INFO - <class 'werkzeug.local.LocalProxy'>
2020-09-29 22:09:51,521 - views.py - line:27 - user_login - INFO - ========================================================================================================================================================================================================
2020-09-29 22:09:51,681 - views.py - line:32 - user_login - INFO - C:\Users\Administrator\Desktop\Python\flask\token.ini
2020-09-29 22:09:51,681 - views.py - line:34 - user_login - INFO - gtredacdad432
2020-09-29 22:09:51,682 - views.py - line:39 - user_login - ERROR - EH3jKYYYVWv+pHjVdbdpL2+MugTV93P0W+03uR67sdLf5Cl5x3jtfHsHC2tb+4kaStywKwCEWm8osL6zUlj0+Z+4L34V8IM+B5n+EFEHqcw2UvJNaOoGfOoNV/O/6YUI2/Iv1x+0F2qC7bK6V3fCJc3XX/l0SaPpjobxyWw3egU=
2020-09-29 22:09:51,682 - views.py - line:40 - user_login - INFO - ========================================================================================================================================================================================================
2020-09-29 22:09:51,682 - views.py - line:51 - user_login - INFO - app2: eyJ0eXAiOiJKV1QiLCJhbGciOiJIUzI1NiJ9.eyJ1c2VybmFtZSI6ImFwcDIiLCJleHAiOjE2MDE0NzQ5OTEuNTIxMTg5fQ.B6tUX7s0Pe9KdaxL4AtQ6iErBxo4msvFPBxlBsxTW3c

2020-09-29 22:09:51,683 - views.py - line:54 - user_login - INFO - {'name': 'less', 'age': 34, 'sex': 'w', 'uuid': UUID('8602589a-a362-48b6-a8b1-a82d7e4fad1f'), 'token': 'eyJ0eXAiOiJKV1QiLCJhbGciOiJIUzI1NiJ9.eyJ1c2VybmFtZSI6ImFwcDIiLCJleHAiOjE2MDE0NzQ5OTEuNTIxMTg5fQ.B6tUX7s0Pe9KdaxL4AtQ6iErBxo4msvFPBxlBsxTW3c', 'secrete': 'EH3jKYYYVWv+pHjVdbdpL2+MugTV93P0W+03uR67sdLf5Cl5x3jtfHsHC2tb+4kaStywKwCEWm8osL6zUlj0+Z+4L34V8IM+B5n+EFEHqcw2UvJNaOoGfOoNV/O/6YUI2/Iv1x+0F2qC7bK6V3fCJc3XX/l0SaPpjobxyWw3egU='}
2020-09-29 22:10:51,700 - views.py - line:24 - user_login - INFO - <Request 'http://127.0.0.1:5001/user/login' [GET]>
2020-09-29 22:10:51,701 - views.py - line:25 - user_login - INFO - <Request 'http://127.0.0.1:5001/user/login' [GET]>
2020-09-29 22:10:51,701 - views.py - line:26 - user_login - INFO - <class 'werkzeug.local.LocalProxy'>
2020-09-29 22:10:51,701 - views.py - line:27 - user_login - INFO - ========================================================================================================================================================================================================
2020-09-29 22:10:52,009 - views.py - line:32 - user_login - INFO - C:\Users\Administrator\Desktop\Python\flask\token.ini
2020-09-29 22:10:52,009 - views.py - line:34 - user_login - INFO - gtredacdad432
2020-09-29 22:10:52,010 - views.py - line:39 - user_login - ERROR - jgXFEYcsmYjeUOumSOm4Xl1wBdhwVmvS4KtV+ExUUmDbwz88gP9NVd/UUJSeMqhvXYo/j7PWPJC1x6TcUG/x/A4/0ZmZlzvBYB1Nhd4Am1y4widNwSq0Wk0MNYMSZH7P+t7VcZlFpec9BOf6IVgOjyeI8v3noJT688JWrQoz0oM=
2020-09-29 22:10:52,010 - views.py - line:40 - user_login - INFO - ========================================================================================================================================================================================================
2020-09-29 22:10:52,010 - views.py - line:51 - user_login - INFO - app2: eyJ0eXAiOiJKV1QiLCJhbGciOiJIUzI1NiJ9.eyJ1c2VybmFtZSI6ImFwcDIiLCJleHAiOjE2MDE0NzUwNTEuNzAxMDc2N30.LwVCMu1fGkh3Yk8JhIIKIchUWjAn9o6YvILlcT42O0k

2020-09-29 22:10:52,010 - views.py - line:54 - user_login - INFO - {'name': 'less', 'age': 34, 'sex': 'w', 'uuid': UUID('848c892e-3c9e-4c50-9912-ed18facfa841'), 'token': 'eyJ0eXAiOiJKV1QiLCJhbGciOiJIUzI1NiJ9.eyJ1c2VybmFtZSI6ImFwcDIiLCJleHAiOjE2MDE0NzUwNTEuNzAxMDc2N30.LwVCMu1fGkh3Yk8JhIIKIchUWjAn9o6YvILlcT42O0k', 'secrete': 'jgXFEYcsmYjeUOumSOm4Xl1wBdhwVmvS4KtV+ExUUmDbwz88gP9NVd/UUJSeMqhvXYo/j7PWPJC1x6TcUG/x/A4/0ZmZlzvBYB1Nhd4Am1y4widNwSq0Wk0MNYMSZH7P+t7VcZlFpec9BOf6IVgOjyeI8v3noJT688JWrQoz0oM='}
2020-09-29 22:11:43,728 - views.py - line:24 - user_login - INFO - <Request 'http://127.0.0.1:5001/user/login' [GET]>
2020-09-29 22:11:43,728 - views.py - line:25 - user_login - INFO - <Request 'http://127.0.0.1:5001/user/login' [GET]>
2020-09-29 22:11:43,728 - views.py - line:26 - user_login - INFO - <class 'werkzeug.local.LocalProxy'>
2020-09-29 22:11:43,728 - views.py - line:27 - user_login - INFO - ========================================================================================================================================================================================================
2020-09-29 22:11:43,932 - views.py - line:32 - user_login - INFO - C:\Users\Administrator\Desktop\Python\flask\token.ini
2020-09-29 22:11:43,932 - views.py - line:34 - user_login - INFO - gtredacdad432
2020-09-29 22:11:43,933 - views.py - line:39 - user_login - ERROR - NrLPe5uMfYDJS5ePC7WFZxnEM2xEcqg0A3yD6PMh+EVlzu/EJMySkcHuuzuTtOQIP/9Ds1dqycZUnIGpQTLHVgg0YbUDa1Ps2/GN9aGQRmjpqnKzwFJZ19cdHifhNKV2GaxYfVwEYgtCn/3O+Tq5WM4MtmW3opi4i6kyT0v2vCo=
2020-09-29 22:11:43,934 - views.py - line:40 - user_login - INFO - ========================================================================================================================================================================================================
2020-09-29 22:11:43,934 - views.py - line:51 - user_login - INFO - app2: eyJ0eXAiOiJKV1QiLCJhbGciOiJIUzI1NiJ9.eyJ1c2VybmFtZSI6ImFwcDIiLCJleHAiOjE2MDE0NzUxMDMuNzI4OTE0fQ.rjUtzhKHtzmE1Tov7KI9iWI5_6lIJFxO1-dgu5Zy-jY

2020-09-29 22:11:43,935 - views.py - line:54 - user_login - INFO - {'name': 'less', 'age': 34, 'sex': 'w', 'uuid': UUID('52cc6118-43df-4554-810c-d67e44c2048e'), 'token': 'eyJ0eXAiOiJKV1QiLCJhbGciOiJIUzI1NiJ9.eyJ1c2VybmFtZSI6ImFwcDIiLCJleHAiOjE2MDE0NzUxMDMuNzI4OTE0fQ.rjUtzhKHtzmE1Tov7KI9iWI5_6lIJFxO1-dgu5Zy-jY', 'secrete': 'NrLPe5uMfYDJS5ePC7WFZxnEM2xEcqg0A3yD6PMh+EVlzu/EJMySkcHuuzuTtOQIP/9Ds1dqycZUnIGpQTLHVgg0YbUDa1Ps2/GN9aGQRmjpqnKzwFJZ19cdHifhNKV2GaxYfVwEYgtCn/3O+Tq5WM4MtmW3opi4i6kyT0v2vCo='}
2020-09-29 22:12:09,885 - views.py - line:24 - user_login - INFO - <Request 'http://127.0.0.1:5001/user/login' [GET]>
2020-09-29 22:12:09,886 - views.py - line:25 - user_login - INFO - <Request 'http://127.0.0.1:5001/user/login' [GET]>
2020-09-29 22:12:09,886 - views.py - line:26 - user_login - INFO - <class 'werkzeug.local.LocalProxy'>
2020-09-29 22:12:09,886 - views.py - line:27 - user_login - INFO - ========================================================================================================================================================================================================
2020-09-29 22:12:09,912 - views.py - line:32 - user_login - INFO - C:\Users\Administrator\Desktop\Python\flask\token.ini
2020-09-29 22:12:09,913 - views.py - line:34 - user_login - INFO - gtredacdad432
2020-09-29 22:12:09,913 - views.py - line:39 - user_login - ERROR - TLMDWhnMBzvxFFdjavX7q7FH9DzBhOkKv+ZHNvZEmYzkoYBJoAIn4aCvy0a5gUxtAgNvwkC3IorbYbAlqR3HIHrfOkeuTMGnJZSs05O53EYUKPERrGsgYTFeR+WAMkByGgjUpksDC39xlbyZgJNzIPgf65d5XwF+dxOjX7vB9e4=
2020-09-29 22:12:09,914 - views.py - line:40 - user_login - INFO - ========================================================================================================================================================================================================
2020-09-29 22:12:09,914 - views.py - line:51 - user_login - INFO - app2: eyJ0eXAiOiJKV1QiLCJhbGciOiJIUzI1NiJ9.eyJ1c2VybmFtZSI6ImFwcDIiLCJleHAiOjE2MDE0NzUxMjkuODg2OTE3OH0.9wM1P8ju7eO8Nj55rzzP4I5B-Bzdks_RW-E5pSJk71c

2020-09-29 22:12:09,914 - views.py - line:54 - user_login - INFO - {'name': 'less', 'age': 34, 'sex': 'w', 'uuid': UUID('9034f0cd-fc3f-4da2-915e-c0d2b09c2d3d'), 'token': 'eyJ0eXAiOiJKV1QiLCJhbGciOiJIUzI1NiJ9.eyJ1c2VybmFtZSI6ImFwcDIiLCJleHAiOjE2MDE0NzUxMjkuODg2OTE3OH0.9wM1P8ju7eO8Nj55rzzP4I5B-Bzdks_RW-E5pSJk71c', 'secrete': 'TLMDWhnMBzvxFFdjavX7q7FH9DzBhOkKv+ZHNvZEmYzkoYBJoAIn4aCvy0a5gUxtAgNvwkC3IorbYbAlqR3HIHrfOkeuTMGnJZSs05O53EYUKPERrGsgYTFeR+WAMkByGgjUpksDC39xlbyZgJNzIPgf65d5XwF+dxOjX7vB9e4='}
2020-09-29 22:19:49,562 - views.py - line:24 - user_login - INFO - <Request 'http://127.0.0.1:5001/user/login' [GET]>
2020-09-29 22:19:49,563 - views.py - line:25 - user_login - INFO - <Request 'http://127.0.0.1:5001/user/login' [GET]>
2020-09-29 22:19:49,563 - views.py - line:26 - user_login - INFO - <class 'werkzeug.local.LocalProxy'>
2020-09-29 22:19:49,563 - views.py - line:27 - user_login - INFO - ========================================================================================================================================================================================================
2020-09-29 22:19:49,672 - views.py - line:32 - user_login - INFO - C:\Users\Administrator\Desktop\Python\flask\token.ini
2020-09-29 22:19:49,672 - views.py - line:34 - user_login - INFO - gtredacdad432
2020-09-29 22:19:49,673 - views.py - line:39 - user_login - ERROR - lvSXEJUnCXNJQ/YugkKK4swVSoOEC6UJiTnjAHaUx8JtqhZ0bfUXHVS9thr3RNKV7RDqIFMBu2MOGU96pNbLkZJF46jzhkulXZVlv9jsZCvwmYVEceTe+BAB5syryg4lUdwSu3z1j6FHqb5Lteoekh+Ac93JWaUygAK8NcdiCaY=
2020-09-29 22:19:49,673 - views.py - line:40 - user_login - INFO - ========================================================================================================================================================================================================
2020-09-29 22:19:49,673 - views.py - line:51 - user_login - INFO - app2: eyJ0eXAiOiJKV1QiLCJhbGciOiJIUzI1NiJ9.eyJ1c2VybmFtZSI6ImFwcDIiLCJleHAiOjE2MDE0NzU1ODkuNTYzMDcxN30.ULnzSsG4xseG47XKkKJux5NH2ZJv4fI2g1Hl1djjoec

2020-09-29 22:19:49,674 - views.py - line:54 - user_login - INFO - {'name': 'less', 'age': 34, 'sex': 'w', 'uuid': UUID('7ce5d85e-e3d1-4edf-8c72-b61956cb099b'), 'token': 'eyJ0eXAiOiJKV1QiLCJhbGciOiJIUzI1NiJ9.eyJ1c2VybmFtZSI6ImFwcDIiLCJleHAiOjE2MDE0NzU1ODkuNTYzMDcxN30.ULnzSsG4xseG47XKkKJux5NH2ZJv4fI2g1Hl1djjoec', 'secrete': 'lvSXEJUnCXNJQ/YugkKK4swVSoOEC6UJiTnjAHaUx8JtqhZ0bfUXHVS9thr3RNKV7RDqIFMBu2MOGU96pNbLkZJF46jzhkulXZVlv9jsZCvwmYVEceTe+BAB5syryg4lUdwSu3z1j6FHqb5Lteoekh+Ac93JWaUygAK8NcdiCaY='}
2020-09-29 22:25:15,327 - views.py - line:30 - user_login - INFO - gtredacdad432
2020-09-29 22:25:15,328 - views.py - line:35 - user_login - ERROR - yo+/P6EsJPpUkEEFi0ccACG296A5ygHt3deWKZ1BHbJLEjd6D3GupR4BNkbv8HrN0PG5OpPgyIG8+d4bTVU78LWIZFck4uxhFc0VLgHjfk24Rzy0hAynMFe7LG0KjdL4vU2hFaSnYMKU+r9orgPjSMRZdhCLagzG7VJ+eynDUgo=
2020-09-29 22:25:15,328 - views.py - line:36 - user_login - INFO - ========================================================================================================================================================================================================
2020-09-29 22:25:15,328 - views.py - line:47 - user_login - INFO - app2: eyJ0eXAiOiJKV1QiLCJhbGciOiJIUzI1NiJ9.eyJ1c2VybmFtZSI6ImFwcDIiLCJleHAiOjE2MDE0NzU5MTUuMjE5NzY0fQ.Wt3pNJNHgneH_X-JD1ZUL9b3FLTzi5zLFxN3paJyeEE

2020-09-29 22:25:15,329 - views.py - line:50 - user_login - INFO - {'name': 'less', 'age': 34, 'sex': 'w', 'uuid': UUID('768a6431-44b3-4a2c-9d10-b09a2ec1babb'), 'token': 'eyJ0eXAiOiJKV1QiLCJhbGciOiJIUzI1NiJ9.eyJ1c2VybmFtZSI6ImFwcDIiLCJleHAiOjE2MDE0NzU5MTUuMjE5NzY0fQ.Wt3pNJNHgneH_X-JD1ZUL9b3FLTzi5zLFxN3paJyeEE', 'secrete': 'yo+/P6EsJPpUkEEFi0ccACG296A5ygHt3deWKZ1BHbJLEjd6D3GupR4BNkbv8HrN0PG5OpPgyIG8+d4bTVU78LWIZFck4uxhFc0VLgHjfk24Rzy0hAynMFe7LG0KjdL4vU2hFaSnYMKU+r9orgPjSMRZdhCLagzG7VJ+eynDUgo='}
2020-09-29 22:28:33,277 - views.py - line:31 - user_login - INFO - gtredacdad432
2020-09-29 22:28:33,279 - views.py - line:36 - user_login - ERROR - muhZ0DfEoaf127yVDnAuYSO+o+Ge8mOuMJzzyonxtkE6iO7hD3Ya6Z5fJcy4imA8av6jfVIgyWegapz0lZWgYAo/K9C4Clk5AaKxu9Rn/q/B6G/4G7ETSF2xPUPMip3W9nFXrbHXyMCEXyCztFlskTv3bL6gsd/CQ2OZ/Q3LCaA=
2020-09-29 22:28:33,279 - views.py - line:37 - user_login - INFO - ========================================================================================================================================================================================================
2020-09-29 22:28:33,279 - views.py - line:48 - user_login - INFO - app2: eyJ0eXAiOiJKV1QiLCJhbGciOiJIUzI1NiJ9.eyJ1c2VybmFtZSI6ImFwcDIiLCJleHAiOjE2MDE0NzYxMTMuMTk0NTAxOX0.FVhZJ8cOXJb3j9QbInVM2jM7HAe8eDF9CWE0A85882g

2020-09-29 22:28:33,279 - views.py - line:51 - user_login - INFO - {'name': 'less', 'age': 34, 'sex': 'w', 'uuid': UUID('9607e95c-ef02-4d2a-a28f-761a56c2aabd'), 'token': 'eyJ0eXAiOiJKV1QiLCJhbGciOiJIUzI1NiJ9.eyJ1c2VybmFtZSI6ImFwcDIiLCJleHAiOjE2MDE0NzYxMTMuMTk0NTAxOX0.FVhZJ8cOXJb3j9QbInVM2jM7HAe8eDF9CWE0A85882g', 'secrete': 'muhZ0DfEoaf127yVDnAuYSO+o+Ge8mOuMJzzyonxtkE6iO7hD3Ya6Z5fJcy4imA8av6jfVIgyWegapz0lZWgYAo/K9C4Clk5AaKxu9Rn/q/B6G/4G7ETSF2xPUPMip3W9nFXrbHXyMCEXyCztFlskTv3bL6gsd/CQ2OZ/Q3LCaA='}
2020-09-29 22:29:57,168 - views.py - line:28 - user_login - INFO - gtredacdad432
2020-09-29 22:29:57,170 - views.py - line:33 - user_login - ERROR - SM6jDF0BKH+R/+T6RCJvg6A1scjJBaaAVmLgu1AINT0QZX5UUld+Ghata5KxEx2bX2aEBpdHBYEsF/bP6dWWEFE2opUsKqAN86wmAohvf7J6+hZ65inHecscnUBW1XcATjx4Mcx0KpibgjZIkrwBPiQPwNda6gnLj5e3Zq1tpQY=
2020-09-29 22:29:57,170 - views.py - line:34 - user_login - INFO - ========================================================================================================================================================================================================
2020-09-29 22:29:57,170 - views.py - line:45 - user_login - INFO - app2: eyJ0eXAiOiJKV1QiLCJhbGciOiJIUzI1NiJ9.eyJ1c2VybmFtZSI6ImFwcDIiLCJleHAiOjE2MDE0NzYxOTYuNzEyMzE4NH0.IlNeNKfD20u_505cs0zdCHU28VmWdM1n-00BB062XnU

2020-09-29 22:29:57,171 - views.py - line:48 - user_login - INFO - {'name': 'less', 'age': 34, 'sex': 'w', 'uuid': UUID('c67a7740-3dc4-433f-897c-ae78fb347b57'), 'token': 'eyJ0eXAiOiJKV1QiLCJhbGciOiJIUzI1NiJ9.eyJ1c2VybmFtZSI6ImFwcDIiLCJleHAiOjE2MDE0NzYxOTYuNzEyMzE4NH0.IlNeNKfD20u_505cs0zdCHU28VmWdM1n-00BB062XnU', 'secrete': 'SM6jDF0BKH+R/+T6RCJvg6A1scjJBaaAVmLgu1AINT0QZX5UUld+Ghata5KxEx2bX2aEBpdHBYEsF/bP6dWWEFE2opUsKqAN86wmAohvf7J6+hZ65inHecscnUBW1XcATjx4Mcx0KpibgjZIkrwBPiQPwNda6gnLj5e3Zq1tpQY='}
2020-09-29 22:31:22,020 - views.py - line:28 - user_login - INFO - gtredacdad432
2020-09-29 22:31:22,022 - views.py - line:33 - user_login - ERROR - gswRE5xYj3T3qeeaF38S96kTCxIdnyaOsXfjxDzZoKi+zMhcF3aakBIIDHB6piDzYQwNkuiZn9pISn1fA+VVwBMhwb//2NgkJCMN59wvex9Bm9oWhmV1DASjh2sSRqmy9EjNC1LtW+y2tfj1R2718FNNLWS+zzYmUuteNaN9OJ0=
2020-09-29 22:31:22,022 - views.py - line:34 - user_login - INFO - ========================================================================================================================================================================================================
2020-09-29 22:31:22,022 - views.py - line:45 - user_login - INFO - app2: eyJ0eXAiOiJKV1QiLCJhbGciOiJIUzI1NiJ9.eyJ1c2VybmFtZSI6ImFwcDIiLCJleHAiOjE2MDE0NzYyODEuNzg5MjI4NH0.k2unlMe0Ka0-KZ2UUeGCpX8O7IR8ANIZWDvIf-Ae9Ng

2020-09-29 22:31:22,022 - views.py - line:49 - user_login - INFO - {'name': 'less', 'age': 34, 'sex': 'w', 'uuid': UUID('5bb0eaba-9a52-4c73-9b4c-44c15db12730'), 'token': 'eyJ0eXAiOiJKV1QiLCJhbGciOiJIUzI1NiJ9.eyJ1c2VybmFtZSI6ImFwcDIiLCJleHAiOjE2MDE0NzYyODEuNzg5MjI4NH0.k2unlMe0Ka0-KZ2UUeGCpX8O7IR8ANIZWDvIf-Ae9Ng', 'secrete': 'gswRE5xYj3T3qeeaF38S96kTCxIdnyaOsXfjxDzZoKi+zMhcF3aakBIIDHB6piDzYQwNkuiZn9pISn1fA+VVwBMhwb//2NgkJCMN59wvex9Bm9oWhmV1DASjh2sSRqmy9EjNC1LtW+y2tfj1R2718FNNLWS+zzYmUuteNaN9OJ0='}
2020-09-29 22:31:51,844 - views.py - line:29 - user_login - INFO - gtredacdad432
2020-09-29 22:31:51,845 - views.py - line:34 - user_login - ERROR - KuEgpA5qUKPVa0sko6a9V9NOmVz1+rz7Whcoh/GGMVSfGxripVK0UPA5VznmOGIrrVg6KMVb/wK8mWUA8SSBi/QxfB429R6H9oiu627MZu58HUA2m7H4kf38zA290L/XIzXzIkQ88yxMWmeN6dt5qDYL/fTHIKzTEu1vFG38w38=
2020-09-29 22:31:51,846 - views.py - line:35 - user_login - INFO - ========================================================================================================================================================================================================
2020-09-29 22:31:51,846 - views.py - line:46 - user_login - INFO - app2: eyJ0eXAiOiJKV1QiLCJhbGciOiJIUzI1NiJ9.eyJ1c2VybmFtZSI6ImFwcDIiLCJleHAiOjE2MDE0NzYzMTEuNzIzNjMwN30.xxFQNPMMPvPOjH8PJME-gBnsB8rEqRg7Cgr_yslYixM

2020-09-29 22:31:51,846 - views.py - line:50 - user_login - INFO - {'name': 'less', 'age': 34, 'sex': 'w', 'uuid': UUID('5db8ead9-aee6-4852-b4cf-594f884d8fe7'), 'token': 'eyJ0eXAiOiJKV1QiLCJhbGciOiJIUzI1NiJ9.eyJ1c2VybmFtZSI6ImFwcDIiLCJleHAiOjE2MDE0NzYzMTEuNzIzNjMwN30.xxFQNPMMPvPOjH8PJME-gBnsB8rEqRg7Cgr_yslYixM', 'secrete': 'KuEgpA5qUKPVa0sko6a9V9NOmVz1+rz7Whcoh/GGMVSfGxripVK0UPA5VznmOGIrrVg6KMVb/wK8mWUA8SSBi/QxfB429R6H9oiu627MZu58HUA2m7H4kf38zA290L/XIzXzIkQ88yxMWmeN6dt5qDYL/fTHIKzTEu1vFG38w38='}
2020-09-29 22:32:22,249 - views.py - line:29 - user_login - INFO - gtredacdad432
2020-09-29 22:32:22,251 - views.py - line:34 - user_login - ERROR - k8g8LiomKDj4E0DKEsgAYjS8vjOA1XkR4PDg0wTY9aBNIo6pS20L3V29qUQ7qa/QqmXWDkqniRqD+oazpdkbBJdZoLujvBNIrK8NxSvyLabvn3ZdYGXfAaS04GXw/GS0YUeg+4BNE1hLj9xxRmwMScBrTRT0VAPjoXsUc2mZxrY=
2020-09-29 22:32:22,251 - views.py - line:35 - user_login - INFO - ========================================================================================================================================================================================================
2020-09-29 22:32:22,251 - views.py - line:46 - user_login - INFO - app2: eyJ0eXAiOiJKV1QiLCJhbGciOiJIUzI1NiJ9.eyJ1c2VybmFtZSI6ImFwcDIiLCJleHAiOjE2MDE0NzYzNDEuNzcxMDE5N30.bby5OQiftOUsXGy-UqZxLeJmWNowDtJqI8vhkrbr8HE

2020-09-29 22:32:22,251 - views.py - line:50 - user_login - INFO - {'name': 'less', 'age': 34, 'sex': 'w', 'uuid': UUID('b0fb64d9-8930-44d5-beff-b926998b748d'), 'token': 'eyJ0eXAiOiJKV1QiLCJhbGciOiJIUzI1NiJ9.eyJ1c2VybmFtZSI6ImFwcDIiLCJleHAiOjE2MDE0NzYzNDEuNzcxMDE5N30.bby5OQiftOUsXGy-UqZxLeJmWNowDtJqI8vhkrbr8HE', 'secrete': 'k8g8LiomKDj4E0DKEsgAYjS8vjOA1XkR4PDg0wTY9aBNIo6pS20L3V29qUQ7qa/QqmXWDkqniRqD+oazpdkbBJdZoLujvBNIrK8NxSvyLabvn3ZdYGXfAaS04GXw/GS0YUeg+4BNE1hLj9xxRmwMScBrTRT0VAPjoXsUc2mZxrY='}
