2020-09-28 08:23:46,540 - python_secrete.py - line:168 - generate_pub_rsa_key - INFO - <bound method _UrandomRNG.read of <Crypto.Random._UrandomRNG object at 0x00000245FEC8E3C8>>
2020-09-28 08:23:46,753 - python_secrete.py - line:171 - generate_pub_rsa_key - INFO - Private RSA key at 0x245FEBA0048
2020-09-28 08:25:23,585 - python_secrete.py - line:168 - generate_pub_rsa_key - INFO - <bound method _UrandomRNG.read of <Crypto.Random._UrandomRNG object at 0x00000245FEC8E390>>
2020-09-28 08:25:23,839 - python_secrete.py - line:171 - generate_pub_rsa_key - INFO - Private RSA key at 0x245FEC8E4E0
2020-09-28 08:32:03,578 - python_secrete.py - line:168 - generate_pub_rsa_key - INFO - <bound method _UrandomRNG.read of <Crypto.Random._UrandomRNG object at 0x000001DFB2C6D400>>
2020-09-28 08:32:03,625 - python_secrete.py - line:171 - generate_pub_rsa_key - INFO - Private RSA key at 0x1DFB2B81160
2020-09-29 21:43:26,110 - python_secrete.py - line:168 - generate_pub_rsa_key - INFO - <bound method _UrandomRNG.read of <Crypto.Random._UrandomRNG object at 0x000002369276D3C8>>
2020-09-29 21:43:26,487 - python_secrete.py - line:171 - generate_pub_rsa_key - INFO - Private RSA key at 0x2369276D6D8
2020-09-29 21:43:48,354 - python_secrete.py - line:168 - generate_pub_rsa_key - INFO - <bound method _UrandomRNG.read of <Crypto.Random._UrandomRNG object at 0x00000236929416A0>>
2020-09-29 21:43:48,481 - python_secrete.py - line:171 - generate_pub_rsa_key - INFO - Private RSA key at 0x23692941898
2020-09-29 21:44:48,724 - python_secrete.py - line:168 - generate_pub_rsa_key - INFO - <bound method _UrandomRNG.read of <Crypto.Random._UrandomRNG object at 0x0000023692AF3198>>
2020-09-29 21:44:48,780 - python_secrete.py - line:171 - generate_pub_rsa_key - INFO - Private RSA key at 0x23692AF3470
2020-09-29 21:45:10,008 - python_secrete.py - line:168 - generate_pub_rsa_key - INFO - <bound method _UrandomRNG.read of <Crypto.Random._UrandomRNG object at 0x0000023692AF3470>>
2020-09-29 21:45:10,220 - python_secrete.py - line:171 - generate_pub_rsa_key - INFO - Private RSA key at 0x23692AF3160
2020-09-29 21:45:39,350 - python_secrete.py - line:168 - generate_pub_rsa_key - INFO - <bound method _UrandomRNG.read of <Crypto.Random._UrandomRNG object at 0x0000023692E2B240>>
2020-09-29 21:45:39,585 - python_secrete.py - line:171 - generate_pub_rsa_key - INFO - Private RSA key at 0x23692E2B668
2020-09-29 21:45:50,456 - python_secrete.py - line:168 - generate_pub_rsa_key - INFO - <bound method _UrandomRNG.read of <Crypto.Random._UrandomRNG object at 0x0000023692F9BD30>>
2020-09-29 21:45:50,784 - python_secrete.py - line:171 - generate_pub_rsa_key - INFO - Private RSA key at 0x236930010B8
2020-09-29 21:47:03,165 - python_secrete.py - line:168 - generate_pub_rsa_key - INFO - <bound method _UrandomRNG.read of <Crypto.Random._UrandomRNG object at 0x000002369316C8D0>>
2020-09-29 21:47:03,316 - python_secrete.py - line:171 - generate_pub_rsa_key - INFO - Private RSA key at 0x2369316CBA8
2020-09-29 21:47:40,534 - python_secrete.py - line:168 - generate_pub_rsa_key - INFO - <bound method _UrandomRNG.read of <Crypto.Random._UrandomRNG object at 0x000002369316CB38>>
2020-09-29 21:47:40,609 - python_secrete.py - line:171 - generate_pub_rsa_key - INFO - Private RSA key at 0x23692F9BCC0
2020-09-29 21:47:47,076 - python_secrete.py - line:168 - generate_pub_rsa_key - INFO - <bound method _UrandomRNG.read of <Crypto.Random._UrandomRNG object at 0x00000236934B0780>>
2020-09-29 21:47:47,184 - python_secrete.py - line:171 - generate_pub_rsa_key - INFO - Private RSA key at 0x236934B0978
2020-09-29 21:47:51,858 - python_secrete.py - line:168 - generate_pub_rsa_key - INFO - <bound method _UrandomRNG.read of <Crypto.Random._UrandomRNG object at 0x00000236936562B0>>
2020-09-29 21:47:51,991 - python_secrete.py - line:171 - generate_pub_rsa_key - INFO - Private RSA key at 0x23693656748
2020-09-29 21:48:46,689 - python_secrete.py - line:168 - generate_pub_rsa_key - INFO - <bound method _UrandomRNG.read of <Crypto.Random._UrandomRNG object at 0x00000236937C3E10>>
2020-09-29 21:48:47,087 - python_secrete.py - line:171 - generate_pub_rsa_key - INFO - Private RSA key at 0x23693827320
2020-09-29 21:49:06,739 - python_secrete.py - line:168 - generate_pub_rsa_key - INFO - <bound method _UrandomRNG.read of <Crypto.Random._UrandomRNG object at 0x00000236933134E0>>
2020-09-29 21:49:06,852 - python_secrete.py - line:171 - generate_pub_rsa_key - INFO - Private RSA key at 0x236934B0F98
2020-09-29 21:49:29,831 - python_secrete.py - line:168 - generate_pub_rsa_key - INFO - <bound method _UrandomRNG.read of <Crypto.Random._UrandomRNG object at 0x00000236934B0710>>
2020-09-29 21:49:30,000 - python_secrete.py - line:171 - generate_pub_rsa_key - INFO - Private RSA key at 0x236934B0978
2020-09-29 21:49:49,478 - python_secrete.py - line:168 - generate_pub_rsa_key - INFO - <bound method _UrandomRNG.read of <Crypto.Random._UrandomRNG object at 0x0000023693B06EB8>>
2020-09-29 21:49:49,750 - python_secrete.py - line:171 - generate_pub_rsa_key - INFO - Private RSA key at 0x23693B6C240
2020-09-29 21:51:08,785 - python_secrete.py - line:168 - generate_pub_rsa_key - INFO - <bound method _UrandomRNG.read of <Crypto.Random._UrandomRNG object at 0x0000023693CAFA20>>
2020-09-29 21:51:08,921 - python_secrete.py - line:171 - generate_pub_rsa_key - INFO - Private RSA key at 0x23693CAFE80
2020-09-29 21:51:55,286 - python_secrete.py - line:168 - generate_pub_rsa_key - INFO - <bound method _UrandomRNG.read of <Crypto.Random._UrandomRNG object at 0x0000023693E855F8>>
2020-09-29 21:51:55,517 - python_secrete.py - line:171 - generate_pub_rsa_key - INFO - Private RSA key at 0x23693E85A58
2020-09-29 21:52:07,051 - python_secrete.py - line:168 - generate_pub_rsa_key - INFO - <bound method _UrandomRNG.read of <Crypto.Random._UrandomRNG object at 0x0000023694021710>>
2020-09-29 21:52:07,341 - python_secrete.py - line:171 - generate_pub_rsa_key - INFO - Private RSA key at 0x23694021C50
2020-09-29 21:52:52,550 - python_secrete.py - line:168 - generate_pub_rsa_key - INFO - <bound method _UrandomRNG.read of <Crypto.Random._UrandomRNG object at 0x00000236941C5240>>
2020-09-29 21:52:52,758 - python_secrete.py - line:171 - generate_pub_rsa_key - INFO - Private RSA key at 0x236941C5438
2020-09-29 21:54:21,846 - python_secrete.py - line:168 - generate_pub_rsa_key - INFO - <bound method _UrandomRNG.read of <Crypto.Random._UrandomRNG object at 0x0000023694334D30>>
2020-09-29 21:54:22,085 - python_secrete.py - line:171 - generate_pub_rsa_key - INFO - Private RSA key at 0x23694396198
2020-09-29 21:55:00,154 - python_secrete.py - line:168 - generate_pub_rsa_key - INFO - <bound method _UrandomRNG.read of <Crypto.Random._UrandomRNG object at 0x0000023694509860>>
2020-09-29 21:55:00,310 - python_secrete.py - line:171 - generate_pub_rsa_key - INFO - Private RSA key at 0x23694334CF8
2020-09-29 21:57:12,633 - python_secrete.py - line:168 - generate_pub_rsa_key - INFO - <bound method _UrandomRNG.read of <Crypto.Random._UrandomRNG object at 0x0000021C0E16D400>>
2020-09-29 21:57:12,856 - python_secrete.py - line:171 - generate_pub_rsa_key - INFO - Private RSA key at 0x21C0E080208
2020-09-29 21:57:56,306 - python_secrete.py - line:168 - generate_pub_rsa_key - INFO - <bound method _UrandomRNG.read of <Crypto.Random._UrandomRNG object at 0x000001CB5B68D400>>
2020-09-29 21:57:56,452 - python_secrete.py - line:171 - generate_pub_rsa_key - INFO - Private RSA key at 0x1CB5B5A0080
2020-09-29 21:59:10,485 - python_secrete.py - line:168 - generate_pub_rsa_key - INFO - <bound method _UrandomRNG.read of <Crypto.Random._UrandomRNG object at 0x0000021FB9BDD470>>
2020-09-29 21:59:10,572 - python_secrete.py - line:171 - generate_pub_rsa_key - INFO - Private RSA key at 0x21FB9AF0048
2020-09-29 22:02:50,968 - python_secrete.py - line:168 - generate_pub_rsa_key - INFO - <bound method _UrandomRNG.read of <Crypto.Random._UrandomRNG object at 0x0000021FB9BDD7B8>>
2020-09-29 22:02:51,281 - python_secrete.py - line:171 - generate_pub_rsa_key - INFO - Private RSA key at 0x21FB9C0C780
2020-09-29 22:05:17,280 - python_secrete.py - line:168 - generate_pub_rsa_key - INFO - <bound method _UrandomRNG.read of <Crypto.Random._UrandomRNG object at 0x0000021FB9C0C550>>
2020-09-29 22:05:17,516 - python_secrete.py - line:171 - generate_pub_rsa_key - INFO - Private RSA key at 0x21FB9C0CD30
2020-09-29 22:06:01,814 - python_secrete.py - line:168 - generate_pub_rsa_key - INFO - <bound method _UrandomRNG.read of <Crypto.Random._UrandomRNG object at 0x0000021FB9C0C710>>
2020-09-29 22:06:01,966 - python_secrete.py - line:171 - generate_pub_rsa_key - INFO - Private RSA key at 0x21FB9C272E8
2020-09-29 22:06:12,749 - python_secrete.py - line:168 - generate_pub_rsa_key - INFO - <bound method _UrandomRNG.read of <Crypto.Random._UrandomRNG object at 0x0000021FB9C27400>>
2020-09-29 22:06:12,920 - python_secrete.py - line:171 - generate_pub_rsa_key - INFO - Private RSA key at 0x21FB9C27908
2020-09-29 22:06:44,087 - python_secrete.py - line:168 - generate_pub_rsa_key - INFO - <bound method _UrandomRNG.read of <Crypto.Random._UrandomRNG object at 0x0000021FB9C27208>>
2020-09-29 22:06:44,321 - python_secrete.py - line:171 - generate_pub_rsa_key - INFO - Private RSA key at 0x21FB9C0CC50
2020-09-29 22:08:04,465 - python_secrete.py - line:168 - generate_pub_rsa_key - INFO - <bound method _UrandomRNG.read of <Crypto.Random._UrandomRNG object at 0x0000021FB9C0CEF0>>
2020-09-29 22:08:04,776 - python_secrete.py - line:171 - generate_pub_rsa_key - INFO - Private RSA key at 0x21FB9C0C438
2020-09-29 22:08:39,333 - python_secrete.py - line:168 - generate_pub_rsa_key - INFO - <bound method _UrandomRNG.read of <Crypto.Random._UrandomRNG object at 0x0000021FB9C0C438>>
2020-09-29 22:08:39,486 - python_secrete.py - line:171 - generate_pub_rsa_key - INFO - Private RSA key at 0x21FB9BDDFD0
2020-09-29 22:08:50,455 - python_secrete.py - line:168 - generate_pub_rsa_key - INFO - <bound method _UrandomRNG.read of <Crypto.Random._UrandomRNG object at 0x0000021FB9AF0048>>
2020-09-29 22:08:50,592 - python_secrete.py - line:171 - generate_pub_rsa_key - INFO - Private RSA key at 0x21FB9C27A58
2020-09-29 22:09:01,224 - python_secrete.py - line:168 - generate_pub_rsa_key - INFO - <bound method _UrandomRNG.read of <Crypto.Random._UrandomRNG object at 0x0000021FB9C277B8>>
2020-09-29 22:09:01,528 - python_secrete.py - line:171 - generate_pub_rsa_key - INFO - Private RSA key at 0x21FB9C27438
2020-09-29 22:09:14,758 - python_secrete.py - line:168 - generate_pub_rsa_key - INFO - <bound method _UrandomRNG.read of <Crypto.Random._UrandomRNG object at 0x0000021FB9C27630>>
2020-09-29 22:09:15,167 - python_secrete.py - line:171 - generate_pub_rsa_key - INFO - Private RSA key at 0x21FB9C510B8
2020-09-29 22:09:38,918 - python_secrete.py - line:168 - generate_pub_rsa_key - INFO - <bound method _UrandomRNG.read of <Crypto.Random._UrandomRNG object at 0x0000021FB9C51208>>
2020-09-29 22:09:39,056 - python_secrete.py - line:171 - generate_pub_rsa_key - INFO - Private RSA key at 0x21FB9C518D0
2020-09-29 22:09:51,521 - python_secrete.py - line:168 - generate_pub_rsa_key - INFO - <bound method _UrandomRNG.read of <Crypto.Random._UrandomRNG object at 0x0000021FB9C51160>>
2020-09-29 22:09:51,678 - python_secrete.py - line:171 - generate_pub_rsa_key - INFO - Private RSA key at 0x21FB9C273C8
2020-09-29 22:10:51,701 - python_secrete.py - line:168 - generate_pub_rsa_key - INFO - <bound method _UrandomRNG.read of <Crypto.Random._UrandomRNG object at 0x0000021FB9C27630>>
2020-09-29 22:10:52,006 - python_secrete.py - line:171 - generate_pub_rsa_key - INFO - Private RSA key at 0x21FB9C278D0
2020-09-29 22:11:43,729 - python_secrete.py - line:168 - generate_pub_rsa_key - INFO - <bound method _UrandomRNG.read of <Crypto.Random._UrandomRNG object at 0x0000021FB9B76BA8>>
2020-09-29 22:11:43,929 - python_secrete.py - line:171 - generate_pub_rsa_key - INFO - Private RSA key at 0x21FB9C27278
2020-09-29 22:12:09,886 - python_secrete.py - line:168 - generate_pub_rsa_key - INFO - <bound method _UrandomRNG.read of <Crypto.Random._UrandomRNG object at 0x0000021FB9B0FE80>>
2020-09-29 22:12:09,910 - python_secrete.py - line:171 - generate_pub_rsa_key - INFO - Private RSA key at 0x21FB9C0C2E8
2020-09-29 22:19:49,563 - python_secrete.py - line:168 - generate_pub_rsa_key - INFO - <bound method _UrandomRNG.read of <Crypto.Random._UrandomRNG object at 0x0000021FB9C0C5C0>>
2020-09-29 22:19:49,670 - python_secrete.py - line:171 - generate_pub_rsa_key - INFO - Private RSA key at 0x21FB9C0CE80
2020-09-29 22:25:15,219 - python_secrete.py - line:168 - generate_pub_rsa_key - INFO - <bound method _UrandomRNG.read of <Crypto.Random._UrandomRNG object at 0x0000023ABD95E400>>
2020-09-29 22:25:15,305 - python_secrete.py - line:171 - generate_pub_rsa_key - INFO - Private RSA key at 0x23ABD870208
2020-09-29 22:28:33,194 - python_secrete.py - line:168 - generate_pub_rsa_key - INFO - <bound method _UrandomRNG.read of <Crypto.Random._UrandomRNG object at 0x000001F2B98FC860>>
2020-09-29 22:28:33,262 - python_secrete.py - line:171 - generate_pub_rsa_key - INFO - Private RSA key at 0x1F2B9E5B080
2020-09-29 22:29:56,712 - python_secrete.py - line:168 - generate_pub_rsa_key - INFO - <bound method _UrandomRNG.read of <Crypto.Random._UrandomRNG object at 0x00000273B38FC828>>
2020-09-29 22:29:57,156 - python_secrete.py - line:171 - generate_pub_rsa_key - INFO - Private RSA key at 0x273B3E5B080
2020-09-29 22:31:21,789 - python_secrete.py - line:168 - generate_pub_rsa_key - INFO - <bound method _UrandomRNG.read of <Crypto.Random._UrandomRNG object at 0x000001D61938B898>>
2020-09-29 22:31:22,010 - python_secrete.py - line:171 - generate_pub_rsa_key - INFO - Private RSA key at 0x1D6198EB2B0
2020-09-29 22:31:51,723 - python_secrete.py - line:168 - generate_pub_rsa_key - INFO - <bound method _UrandomRNG.read of <Crypto.Random._UrandomRNG object at 0x000001EED06EC828>>
2020-09-29 22:31:51,834 - python_secrete.py - line:171 - generate_pub_rsa_key - INFO - Private RSA key at 0x1EED0C4B128
2020-09-29 22:32:21,771 - python_secrete.py - line:168 - generate_pub_rsa_key - INFO - <bound method _UrandomRNG.read of <Crypto.Random._UrandomRNG object at 0x00000254F1C2D8D0>>
2020-09-29 22:32:22,238 - python_secrete.py - line:171 - generate_pub_rsa_key - INFO - Private RSA key at 0x254F2187320
